<?xml version="1.0" encoding="utf-8"?>
<test-run id="2" name="Open-Lab-06.01.dll" fullname="C:/Users/onkom/source/repos/Open-Lab-06.01/Open-Lab-06.01/bin/Debug/netcoreapp3.0/Open-Lab-06.01.dll" testcasecount="100" result="Passed" start-time="2021-12-28 20:00:33Z" end-time="2021-12-28 20:00:34Z" duration="0.164431" total="100" passed="100" failed="0" inconclusive="0" skipped="0" asserts="100" random-seed="1401104866">
  <command-line><![CDATA[C:\Users\onkom\source\repos\Open-Lab-06.01\Open-Lab-06.01\bin\Debug\netcoreapp3.0\Open-Lab-06.01.dll]]></command-line>
  <filter />
  <test-suite type="Assembly" id="1103" name="Open-Lab-06.01.dll" fullname="C:/Users/onkom/source/repos/Open-Lab-06.01/Open-Lab-06.01/bin/Debug/netcoreapp3.0/Open-Lab-06.01.dll" runstate="Runnable" testcasecount="100" result="Passed" start-time="2021-12-28 20:00:33Z" end-time="2021-12-28 20:00:34Z" duration="0.164431" total="100" passed="100" failed="0" warnings="0" inconclusive="0" skipped="0" asserts="100">
    <environment framework-version="3.12.0.0" clr-version="3.1.19" os-version="Microsoft Windows 10.0.19042" platform="Win32NT" cwd="C:\Users\onkom\source\repos\Open-Lab-06.01\Open-Lab-06.01\bin\Debug\netcoreapp3.0" machine-name="DESKTOP-7OQAPDJ" user="onkom" user-domain="DESKTOP-7OQAPDJ" culture="en-US" uiculture="en-US" os-architecture="x64" />
    <settings>
      <setting name="WorkDirectory" value="C:\Users\onkom\source\repos\Open-Lab-06.01\Open-Lab-06.01\bin\Debug\netcoreapp3.0" />
      <setting name="NumberOfTestWorkers" value="4" />
    </settings>
    <properties>
      <property name="_PID" value="6644" />
      <property name="_APPDOMAIN" value="Open-Lab-06.01" />
    </properties>
    <test-suite type="TestSuite" id="1104" name="Open_Lab_06" fullname="Open_Lab_06" runstate="Runnable" testcasecount="100" result="Passed" start-time="2021-12-28 20:00:33Z" end-time="2021-12-28 20:00:34Z" duration="0.143487" total="100" passed="100" failed="0" warnings="0" inconclusive="0" skipped="0" asserts="100">
      <test-suite type="TestSuite" id="1105" name="_01" fullname="Open_Lab_06._01" runstate="Runnable" testcasecount="100" result="Passed" start-time="2021-12-28 20:00:33Z" end-time="2021-12-28 20:00:34Z" duration="0.142642" total="100" passed="100" failed="0" warnings="0" inconclusive="0" skipped="0" asserts="100">
        <test-suite type="TestFixture" id="1000" name="Tests" fullname="Open_Lab_06._01.Tests" classname="Open_Lab_06._01.Tests" runstate="Runnable" testcasecount="100" result="Passed" start-time="2021-12-28 20:00:33Z" end-time="2021-12-28 20:00:34Z" duration="0.137935" total="100" passed="100" failed="0" warnings="0" inconclusive="0" skipped="0" asserts="100">
          <test-suite type="ParameterizedMethod" id="1005" name="ChallengeTest" fullname="Open_Lab_06._01.Tests.ChallengeTest" classname="Open_Lab_06._01.Tests" runstate="Runnable" testcasecount="4" result="Passed" start-time="2021-12-28 20:00:33Z" end-time="2021-12-28 20:00:34Z" duration="0.074069" total="4" passed="4" failed="0" warnings="0" inconclusive="0" skipped="0" asserts="4">
            <test-case id="1001" name="ChallengeTest(&quot;A4B5C2&quot;,&quot;AAAABBBBBCC&quot;)" fullname="Open_Lab_06._01.Tests.ChallengeTest(&quot;A4B5C2&quot;,&quot;AAAABBBBBCC&quot;)" methodname="ChallengeTest" classname="Open_Lab_06._01.Tests" runstate="Runnable" seed="1077147150" result="Passed" start-time="2021-12-28 20:00:33Z" end-time="2021-12-28 20:00:34Z" duration="0.049270" asserts="1" />
            <test-case id="1002" name="ChallengeTest(&quot;C2F1E5&quot;,&quot;CCFEEEEE&quot;)" fullname="Open_Lab_06._01.Tests.ChallengeTest(&quot;C2F1E5&quot;,&quot;CCFEEEEE&quot;)" methodname="ChallengeTest" classname="Open_Lab_06._01.Tests" runstate="Runnable" seed="719003388" result="Passed" start-time="2021-12-28 20:00:34Z" end-time="2021-12-28 20:00:34Z" duration="0.000664" asserts="1" />
            <test-case id="1003" name="ChallengeTest(&quot;T4S2V2&quot;,&quot;TTTTSSVV&quot;)" fullname="Open_Lab_06._01.Tests.ChallengeTest(&quot;T4S2V2&quot;,&quot;TTTTSSVV&quot;)" methodname="ChallengeTest" classname="Open_Lab_06._01.Tests" runstate="Runnable" seed="821185073" result="Passed" start-time="2021-12-28 20:00:34Z" end-time="2021-12-28 20:00:34Z" duration="0.000830" asserts="1" />
            <test-case id="1004" name="ChallengeTest(&quot;A1B2C3D4&quot;,&quot;ABBCCCDDDD&quot;)" fullname="Open_Lab_06._01.Tests.ChallengeTest(&quot;A1B2C3D4&quot;,&quot;ABBCCCDDDD&quot;)" methodname="ChallengeTest" classname="Open_Lab_06._01.Tests" runstate="Runnable" seed="1937968953" result="Passed" start-time="2021-12-28 20:00:34Z" end-time="2021-12-28 20:00:34Z" duration="0.000428" asserts="1" />
          </test-suite>
          <test-suite type="ParameterizedMethod" id="1102" name="ChallengeTestRandom" fullname="Open_Lab_06._01.Tests.ChallengeTestRandom" classname="Open_Lab_06._01.Tests" runstate="Runnable" testcasecount="96" result="Passed" start-time="2021-12-28 20:00:34Z" end-time="2021-12-28 20:00:34Z" duration="0.048799" total="96" passed="96" failed="0" warnings="0" inconclusive="0" skipped="0" asserts="96">
            <test-case id="1006" name="ChallengeTestRandom(&quot;v9E3^2A4X9O6D4[1Z7T5o8q4e4J3d3R4d3o2&quot;,&quot;vvvvvvvvvEEE^^AAAAXXXXXXXXXOOOOOODDDD[ZZZZZZZTTTTTooooooooqqqqeeeeJJJdddRRRRdddoo&quot;)" fullname="Open_Lab_06._01.Tests.ChallengeTestRandom(&quot;v9E3^2A4X9O6D4[1Z7T5o8q4e4J3d3R4d3o2&quot;,&quot;vvvvvvvvvEEE^^AAAAXXXXXXXXXOOOOOODDDD[ZZZZZZZTTTTTooooooooqqqqeeeeJJJdddRRRRdddoo&quot;)" methodname="ChallengeTestRandom" classname="Open_Lab_06._01.Tests" runstate="Runnable" seed="2136781512" result="Passed" start-time="2021-12-28 20:00:34Z" end-time="2021-12-28 20:00:34Z" duration="0.000585" asserts="1" />
            <test-case id="1007" name="ChallengeTestRandom(&quot;F9M5Q1U2s8[1^4v4P1b2j5Q5n2D4B3G7G3U8H1^8]2l5i2F8W9U2N8N8J6N9E9n1v2P2A7v8d4A1&quot;,&quot;FFFFFFFFFMMMMMQUUssssssss[^^^^vvvvPbbjjjjjQQQQQnnDDDDBBBGGGGGGGGGGUUUUUUUUH^^^^^^^^]]llllliiFFFFFFFFWWWWWWWWWUUNNNNNNNNNNNNNNNNJJJJJJNNNNNNNNNEEEEEEEEEnvvPPAAAAAAAvvvvvvvvddddA&quot;)" fullname="Open_Lab_06._01.Tests.ChallengeTestRandom(&quot;F9M5Q1U2s8[1^4v4P1b2j5Q5n2D4B3G7G3U8H1^8]2l5i2F8W9U2N8N8J6N9E9n1v2P2A7v8d4A1&quot;,&quot;FFFFFFFFFMMMMMQUUssssssss[^^^^vvvvPbbjjjjjQQQQQnnDDDDBBBGGGGGGGGGGUUUUUUUUH^^^^^^^^]]llllliiFFFFFFFFWWWWWWWWWUUNNNNNNNNNNNNNNNNJJJJJJNNNNNNNNNEEEEEEEEEnvvPPAAAAAAAvvvvvvvvddddA&quot;)" methodname="ChallengeTestRandom" classname="Open_Lab_06._01.Tests" runstate="Runnable" seed="1745309158" result="Passed" start-time="2021-12-28 20:00:34Z" end-time="2021-12-28 20:00:34Z" duration="0.000193" asserts="1" />
            <test-case id="1008" name="ChallengeTestRandom(&quot;E8w5D3q9Q4P1o6H8c6Z2f7_3X6^9w3r2C8F4&quot;,&quot;EEEEEEEEwwwwwDDDqqqqqqqqqQQQQPooooooHHHHHHHHccccccZZfffffff___XXXXXX^^^^^^^^^wwwrrCCCCCCCCFFFF&quot;)" fullname="Open_Lab_06._01.Tests.ChallengeTestRandom(&quot;E8w5D3q9Q4P1o6H8c6Z2f7_3X6^9w3r2C8F4&quot;,&quot;EEEEEEEEwwwwwDDDqqqqqqqqqQQQQPooooooHHHHHHHHccccccZZfffffff___XXXXXX^^^^^^^^^wwwrrCCCCCCCCFFFF&quot;)" methodname="ChallengeTestRandom" classname="Open_Lab_06._01.Tests" runstate="Runnable" seed="496604758" result="Passed" start-time="2021-12-28 20:00:34Z" end-time="2021-12-28 20:00:34Z" duration="0.000118" asserts="1" />
            <test-case id="1009" name="ChallengeTestRandom(&quot;e3H1i9G6F1A2o8O1Y6o2V9F8a4D5X2B5f8x3R2w8Y6S5]7I5c2e3Q6v5v7W7b2c9L5J3C5P2L6a2`8v4T1d8v2]4X2L2X6D7x5a8S3I6&quot;,&quot;eeeHiiiiiiiiiGGGGGGFAAooooooooOYYYYYYooVVVVVVVVVFFFFFFFFaaaaDDDDDXXBBBBBffffffffxxxRRwwwwwwwwYYYYYYSSSSS]]]]]]]IIIIIcceeeQQQQQQvvvvvvvvvvvvWWWWWWWbbcccccccccLLLLLJJJCCCCCPPLLLLLLaa````````vvvvTddddddddvv]]]]XXLLXXXXXXDDDDDDDxxxxxaaaaaaaaSSSIIIIII&quot;)" fullname="Open_Lab_06._01.Tests.ChallengeTestRandom(&quot;e3H1i9G6F1A2o8O1Y6o2V9F8a4D5X2B5f8x3R2w8Y6S5]7I5c2e3Q6v5v7W7b2c9L5J3C5P2L6a2`8v4T1d8v2]4X2L2X6D7x5a8S3I6&quot;,&quot;eeeHiiiiiiiiiGGGGGGFAAooooooooOYYYYYYooVVVVVVVVVFFFFFFFFaaaaDDDDDXXBBBBBffffffffxxxRRwwwwwwwwYYYYYYSSSSS]]]]]]]IIIIIcceeeQQQQQQvvvvvvvvvvvvWWWWWWWbbcccccccccLLLLLJJJCCCCCPPLLLLLLaa````````vvvvTddddddddvv]]]]XXLLXXXXXXDDDDDDDxxxxxaaaaaaaaSSSIIIIII&quot;)" methodname="ChallengeTestRandom" classname="Open_Lab_06._01.Tests" runstate="Runnable" seed="1153732318" result="Passed" start-time="2021-12-28 20:00:34Z" end-time="2021-12-28 20:00:34Z" duration="0.000233" asserts="1" />
            <test-case id="1010" name="ChallengeTestRandom(&quot;A1G5F9b2R8i9\\3p6B7r1h9[2B2m8g8g7J7u1V9R2d9F8U8\\3k2R5R6U5y8v1[3H8N5G9j4V8m8T8G9m6W4&quot;,&quot;AGGGGGFFFFFFFFFbbRRRRRRRRiiiiiiiii\\\\\\ppppppBBBBBBBrhhhhhhhhh[[BBmmmmmmmmgggggggggggggggJJJJJJJuVVVVVVVVVRRdddddddddFFFFFFFFUUUUUUUU\\\\\\kkRRRRRRRRRRRUUUUUyyyyyyyyv[[[HHHHHHHHNNNNNGGGGGGGGGjjjjVVVVVVVVmmmmmmmmTTTTTTTTGGGGGGGGGmmmmmmWWWW&quot;)" fullname="Open_Lab_06._01.Tests.ChallengeTestRandom(&quot;A1G5F9b2R8i9\\3p6B7r1h9[2B2m8g8g7J7u1V9R2d9F8U8\\3k2R5R6U5y8v1[3H8N5G9j4V8m8T8G9m6W4&quot;,&quot;AGGGGGFFFFFFFFFbbRRRRRRRRiiiiiiiii\\\\\\ppppppBBBBBBBrhhhhhhhhh[[BBmmmmmmmmgggggggggggggggJJJJJJJuVVVVVVVVVRRdddddddddFFFFFFFFUUUUUUUU\\\\\\kkRRRRRRRRRRRUUUUUyyyyyyyyv[[[HHHHHHHHNNNNNGGGGGGGGGjjjjVVVVVVVVmmmmmmmmTTTTTTTTGGGGGGGGGmmmmmmWWWW&quot;)" methodname="ChallengeTestRandom" classname="Open_Lab_06._01.Tests" runstate="Runnable" seed="1731781781" result="Passed" start-time="2021-12-28 20:00:34Z" end-time="2021-12-28 20:00:34Z" duration="0.000194" asserts="1" />
            <test-case id="1011" name="ChallengeTestRandom(&quot;I1C5f4G7V9E3o5a6V6G2r4\\2Y8[2U7I3r8y7K1[5d6z9h5`4`3W1Q6K2z1A2R5d4H2g3h1Y5h8p5I9J9d1H2r3a5b7E9_9R9S2Y8h4a5d1x6U8r3B1s9R1Q3i6\\9Z7Q1&quot;,&quot;ICCCCCffffGGGGGGGVVVVVVVVVEEEoooooaaaaaaVVVVVVGGrrrr\\\\YYYYYYYY[[UUUUUUUIIIrrrrrrrryyyyyyyK[[[[[ddddddzzzzzzzzzhhhhh```````WQQQQQQKKzAARRRRRddddHHggghYYYYYhhhhhhhhpppppIIIIIIIIIJJJJJJJJJdHHrrraaaaabbbbbbbEEEEEEEEE_________RRRRRRRRRSSYYYYYYYYhhhhaaaaadxxxxxxUUUUUUUUrrrBsssssssssRQQQiiiiii\\\\\\\\\\\\\\\\\\ZZZZZZZQ&quot;)" fullname="Open_Lab_06._01.Tests.ChallengeTestRandom(&quot;I1C5f4G7V9E3o5a6V6G2r4\\2Y8[2U7I3r8y7K1[5d6z9h5`4`3W1Q6K2z1A2R5d4H2g3h1Y5h8p5I9J9d1H2r3a5b7E9_9R9S2Y8h4a5d1x6U8r3B1s9R1Q3i6\\9Z7Q1&quot;,&quot;ICCCCCffffGGGGGGGVVVVVVVVVEEEoooooaaaaaaVVVVVVGGrrrr\\\\YYYYYYYY[[UUUUUUUIIIrrrrrrrryyyyyyyK[[[[[ddddddzzzzzzzzzhhhhh```````WQQQQQQKKzAARRRRRddddHHggghYYYYYhhhhhhhhpppppIIIIIIIIIJJJJJJJJJdHHrrraaaaabbbbbbbEEEEEEEEE_________RRRRRRRRRSSYYYYYYYYhhhhaaaaadxxxxxxUUUUUUUUrrrBsssssssssRQQQiiiiii\\\\\\\\\\\\\\\\\\ZZZZZZZQ&quot;)" methodname="ChallengeTestRandom" classname="Open_Lab_06._01.Tests" runstate="Runnable" seed="1083433211" result="Passed" start-time="2021-12-28 20:00:34Z" end-time="2021-12-28 20:00:34Z" duration="0.000257" asserts="1" />
            <test-case id="1012" name="ChallengeTestRandom(&quot;e2Q6k5G4E7Q7m6S4A2d9M1B9o6i7r1K6P3k6b6Q5l5M4z6v1I6Y6h5y6c7j7j1p1_5R1d2`7g5U1h8c5p7t1K3c7d6C9q9p3c7D7l9B7B5p9O6C2E2K9K6R6Y8b6f6f6P4M7W3&quot;,&quot;eeQQQQQQkkkkkGGGGEEEEEEEQQQQQQQmmmmmmSSSSAAdddddddddMBBBBBBBBBooooooiiiiiiirKKKKKKPPPkkkkkkbbbbbbQQQQQlllllMMMMzzzzzzvIIIIIIYYYYYYhhhhhyyyyyycccccccjjjjjjjjp_____Rdd```````gggggUhhhhhhhhcccccppppppptKKKcccccccddddddCCCCCCCCCqqqqqqqqqpppcccccccDDDDDDDlllllllllBBBBBBBBBBBBpppppppppOOOOOOCCEEKKKKKKKKKKKKKKKRRRRRRYYYYYYYYbbbbbbffffffffffffPPPPMMMMMMMWWW&quot;)" fullname="Open_Lab_06._01.Tests.ChallengeTestRandom(&quot;e2Q6k5G4E7Q7m6S4A2d9M1B9o6i7r1K6P3k6b6Q5l5M4z6v1I6Y6h5y6c7j7j1p1_5R1d2`7g5U1h8c5p7t1K3c7d6C9q9p3c7D7l9B7B5p9O6C2E2K9K6R6Y8b6f6f6P4M7W3&quot;,&quot;eeQQQQQQkkkkkGGGGEEEEEEEQQQQQQQmmmmmmSSSSAAdddddddddMBBBBBBBBBooooooiiiiiiirKKKKKKPPPkkkkkkbbbbbbQQQQQlllllMMMMzzzzzzvIIIIIIYYYYYYhhhhhyyyyyycccccccjjjjjjjjp_____Rdd```````gggggUhhhhhhhhcccccppppppptKKKcccccccddddddCCCCCCCCCqqqqqqqqqpppcccccccDDDDDDDlllllllllBBBBBBBBBBBBpppppppppOOOOOOCCEEKKKKKKKKKKKKKKKRRRRRRYYYYYYYYbbbbbbffffffffffffPPPPMMMMMMMWWW&quot;)" methodname="ChallengeTestRandom" classname="Open_Lab_06._01.Tests" runstate="Runnable" seed="506486357" result="Passed" start-time="2021-12-28 20:00:34Z" end-time="2021-12-28 20:00:34Z" duration="0.000341" asserts="1" />
            <test-case id="1013" name="ChallengeTestRandom(&quot;F1Y1N3z8[4u9s8J1B5N4G6X2V8Z3b3G9\\7F9l6E3Y9G3k7m8G3K2J5u1f9r6Z9q6q5T2B9k5V7I3C8F7`5M2m4b6C4y2\\2]2W7q6_6O8[6H5t8t1_9U4[3l3&quot;,&quot;FYNNNzzzzzzzz[[[[uuuuuuuuussssssssJBBBBBNNNNGGGGGGXXVVVVVVVVZZZbbbGGGGGGGGG\\\\\\\\\\\\\\FFFFFFFFFllllllEEEYYYYYYYYYGGGkkkkkkkmmmmmmmmGGGKKJJJJJufffffffffrrrrrrZZZZZZZZZqqqqqqqqqqqTTBBBBBBBBBkkkkkVVVVVVVIIICCCCCCCCFFFFFFF`````MMmmmmbbbbbbCCCCyy\\\\]]WWWWWWWqqqqqq______OOOOOOOO[[[[[[HHHHHttttttttt_________UUUU[[[lll&quot;)" fullname="Open_Lab_06._01.Tests.ChallengeTestRandom(&quot;F1Y1N3z8[4u9s8J1B5N4G6X2V8Z3b3G9\\7F9l6E3Y9G3k7m8G3K2J5u1f9r6Z9q6q5T2B9k5V7I3C8F7`5M2m4b6C4y2\\2]2W7q6_6O8[6H5t8t1_9U4[3l3&quot;,&quot;FYNNNzzzzzzzz[[[[uuuuuuuuussssssssJBBBBBNNNNGGGGGGXXVVVVVVVVZZZbbbGGGGGGGGG\\\\\\\\\\\\\\FFFFFFFFFllllllEEEYYYYYYYYYGGGkkkkkkkmmmmmmmmGGGKKJJJJJufffffffffrrrrrrZZZZZZZZZqqqqqqqqqqqTTBBBBBBBBBkkkkkVVVVVVVIIICCCCCCCCFFFFFFF`````MMmmmmbbbbbbCCCCyy\\\\]]WWWWWWWqqqqqq______OOOOOOOO[[[[[[HHHHHttttttttt_________UUUU[[[lll&quot;)" methodname="ChallengeTestRandom" classname="Open_Lab_06._01.Tests" runstate="Runnable" seed="1395252456" result="Passed" start-time="2021-12-28 20:00:34Z" end-time="2021-12-28 20:00:34Z" duration="0.000278" asserts="1" />
            <test-case id="1014" name="ChallengeTestRandom(&quot;t6r9b6M2V8Y5^9j9f9P9j5B5C3I6N8w3c8e9W9t1&quot;,&quot;ttttttrrrrrrrrrbbbbbbMMVVVVVVVVYYYYY^^^^^^^^^jjjjjjjjjfffffffffPPPPPPPPPjjjjjBBBBBCCCIIIIIINNNNNNNNwwwcccccccceeeeeeeeeWWWWWWWWWt&quot;)" fullname="Open_Lab_06._01.Tests.ChallengeTestRandom(&quot;t6r9b6M2V8Y5^9j9f9P9j5B5C3I6N8w3c8e9W9t1&quot;,&quot;ttttttrrrrrrrrrbbbbbbMMVVVVVVVVYYYYY^^^^^^^^^jjjjjjjjjfffffffffPPPPPPPPPjjjjjBBBBBCCCIIIIIINNNNNNNNwwwcccccccceeeeeeeeeWWWWWWWWWt&quot;)" methodname="ChallengeTestRandom" classname="Open_Lab_06._01.Tests" runstate="Runnable" seed="1483250561" result="Passed" start-time="2021-12-28 20:00:34Z" end-time="2021-12-28 20:00:34Z" duration="0.000121" asserts="1" />
            <test-case id="1015" name="ChallengeTestRandom(&quot;D9_5B5T1T6^8n5T8c8x5X1D6a5_3n4g5A1f5]1B8o6u2Y5o4R2o1v5_2[5u9\\1&quot;,&quot;DDDDDDDDD_____BBBBBTTTTTTT^^^^^^^^nnnnnTTTTTTTTccccccccxxxxxXDDDDDDaaaaa___nnnngggggAfffff]BBBBBBBBoooooouuYYYYYooooRRovvvvv__[[[[[uuuuuuuuu\\&quot;)" fullname="Open_Lab_06._01.Tests.ChallengeTestRandom(&quot;D9_5B5T1T6^8n5T8c8x5X1D6a5_3n4g5A1f5]1B8o6u2Y5o4R2o1v5_2[5u9\\1&quot;,&quot;DDDDDDDDD_____BBBBBTTTTTTT^^^^^^^^nnnnnTTTTTTTTccccccccxxxxxXDDDDDDaaaaa___nnnngggggAfffff]BBBBBBBBoooooouuYYYYYooooRRovvvvv__[[[[[uuuuuuuuu\\&quot;)" methodname="ChallengeTestRandom" classname="Open_Lab_06._01.Tests" runstate="Runnable" seed="1586277978" result="Passed" start-time="2021-12-28 20:00:34Z" end-time="2021-12-28 20:00:34Z" duration="0.000138" asserts="1" />
            <test-case id="1016" name="ChallengeTestRandom(&quot;o8[2O5R3n4T5O3`7J2X5i1L7p2I1^6R9p2G3x4a9z9B7c9P9v8l8E3J9w1g4E3r7L8[2a9I2w3E5j9_3k9g3I6D1H9Z1P6p3s3l2Z4P3j7Q5q6U2p7^7D7k2H2p5j5y5h6G8^6\\2D4w9n6E5i9p7p5L1Y7P6]9D7`2s6E1J8P7i1P2T1\\6q8j9o5c6I4s8&quot;,&quot;oooooooo[[OOOOORRRnnnnTTTTTOOO```````JJXXXXXiLLLLLLLppI^^^^^^RRRRRRRRRppGGGxxxxaaaaaaaaazzzzzzzzzBBBBBBBcccccccccPPPPPPPPPvvvvvvvvllllllllEEEJJJJJJJJJwggggEEErrrrrrrLLLLLLLL[[aaaaaaaaaIIwwwEEEEEjjjjjjjjj___kkkkkkkkkgggIIIIIIDHHHHHHHHHZPPPPPPpppsssllZZZZPPPjjjjjjjQQQQQqqqqqqUUppppppp^^^^^^^DDDDDDDkkHHpppppjjjjjyyyyyhhhhhhGGGGGGGG^^^^^^\\\\DDDDwwwwwwwwwnnnnnnEEEEEiiiiiiiiippppppppppppLYYYYYYYPPPPPP]]]]]]]]]DDDDDDD``ssssssEJJJJJJJJPPPPPPPiPPT\\\\\\\\\\\\qqqqqqqqjjjjjjjjjoooooccccccIIIIssssssss&quot;)" fullname="Open_Lab_06._01.Tests.ChallengeTestRandom(&quot;o8[2O5R3n4T5O3`7J2X5i1L7p2I1^6R9p2G3x4a9z9B7c9P9v8l8E3J9w1g4E3r7L8[2a9I2w3E5j9_3k9g3I6D1H9Z1P6p3s3l2Z4P3j7Q5q6U2p7^7D7k2H2p5j5y5h6G8^6\\2D4w9n6E5i9p7p5L1Y7P6]9D7`2s6E1J8P7i1P2T1\\6q8j9o5c6I4s8&quot;,&quot;oooooooo[[OOOOORRRnnnnTTTTTOOO```````JJXXXXXiLLLLLLLppI^^^^^^RRRRRRRRRppGGGxxxxaaaaaaaaazzzzzzzzzBBBBBBBcccccccccPPPPPPPPPvvvvvvvvllllllllEEEJJJJJJJJJwggggEEErrrrrrrLLLLLLLL[[aaaaaaaaaIIwwwEEEEEjjjjjjjjj___kkkkkkkkkgggIIIIIIDHHHHHHHHHZPPPPPPpppsssllZZZZPPPjjjjjjjQQQQQqqqqqqUUppppppp^^^^^^^DDDDDDDkkHHpppppjjjjjyyyyyhhhhhhGGGGGGGG^^^^^^\\\\DDDDwwwwwwwwwnnnnnnEEEEEiiiiiiiiippppppppppppLYYYYYYYPPPPPP]]]]]]]]]DDDDDDD``ssssssEJJJJJJJJPPPPPPPiPPT\\\\\\\\\\\\qqqqqqqqjjjjjjjjjoooooccccccIIIIssssssss&quot;)" methodname="ChallengeTestRandom" classname="Open_Lab_06._01.Tests" runstate="Runnable" seed="666702610" result="Passed" start-time="2021-12-28 20:00:34Z" end-time="2021-12-28 20:00:34Z" duration="0.000456" asserts="1" />
            <test-case id="1017" name="ChallengeTestRandom(&quot;S9k8G1C6u8H6k3B4T4f3d4G9F5O8e5P6i8V2_4M9Y9w1b4D2a3o1N6S2j4A3W3O6S3`4A6t7C4z6y6u7o8t1r6a6p5e9y3d9m8A7g3N5I8b4J6Z5&quot;,&quot;SSSSSSSSSkkkkkkkkGCCCCCCuuuuuuuuHHHHHHkkkBBBBTTTTfffddddGGGGGGGGGFFFFFOOOOOOOOeeeeePPPPPPiiiiiiiiVV____MMMMMMMMMYYYYYYYYYwbbbbDDaaaoNNNNNNSSjjjjAAAWWWOOOOOOSSS````AAAAAAtttttttCCCCzzzzzzyyyyyyuuuuuuuooooooootrrrrrraaaaaapppppeeeeeeeeeyyydddddddddmmmmmmmmAAAAAAAgggNNNNNIIIIIIIIbbbbJJJJJJZZZZZ&quot;)" fullname="Open_Lab_06._01.Tests.ChallengeTestRandom(&quot;S9k8G1C6u8H6k3B4T4f3d4G9F5O8e5P6i8V2_4M9Y9w1b4D2a3o1N6S2j4A3W3O6S3`4A6t7C4z6y6u7o8t1r6a6p5e9y3d9m8A7g3N5I8b4J6Z5&quot;,&quot;SSSSSSSSSkkkkkkkkGCCCCCCuuuuuuuuHHHHHHkkkBBBBTTTTfffddddGGGGGGGGGFFFFFOOOOOOOOeeeeePPPPPPiiiiiiiiVV____MMMMMMMMMYYYYYYYYYwbbbbDDaaaoNNNNNNSSjjjjAAAWWWOOOOOOSSS````AAAAAAtttttttCCCCzzzzzzyyyyyyuuuuuuuooooooootrrrrrraaaaaapppppeeeeeeeeeyyydddddddddmmmmmmmmAAAAAAAgggNNNNNIIIIIIIIbbbbJJJJJJZZZZZ&quot;)" methodname="ChallengeTestRandom" classname="Open_Lab_06._01.Tests" runstate="Runnable" seed="1525808163" result="Passed" start-time="2021-12-28 20:00:34Z" end-time="2021-12-28 20:00:34Z" duration="0.000542" asserts="1" />
            <test-case id="1018" name="ChallengeTestRandom(&quot;H4V5g7h4A7C7d1E4J1Q8g7S2A7X4y1F4i5q9N5G2T3g5L7_8]1A5I9j2H9i6z2n6g6U5a7o6k1Y9a2b6u2b4W4U2L5V9Y6R8h7C1\\6^8k9J9l2V5B5S5B6N4J5_8L6c2h8]7b5i9r1i6C4n2a6d8a9j7p3]6Q6k8V6\\3B1w8p1n3g4Z8D9E3&quot;,&quot;HHHHVVVVVggggggghhhhAAAAAAACCCCCCCdEEEEJQQQQQQQQgggggggSSAAAAAAAXXXXyFFFFiiiiiqqqqqqqqqNNNNNGGTTTgggggLLLLLLL________]AAAAAIIIIIIIIIjjHHHHHHHHHiiiiiizznnnnnnggggggUUUUUaaaaaaaooooookYYYYYYYYYaabbbbbbuubbbbWWWWUULLLLLVVVVVVVVVYYYYYYRRRRRRRRhhhhhhhC\\\\\\\\\\\\^^^^^^^^kkkkkkkkkJJJJJJJJJllVVVVVBBBBBSSSSSBBBBBBNNNNJJJJJ________LLLLLLcchhhhhhhh]]]]]]]bbbbbiiiiiiiiiriiiiiiCCCCnnaaaaaaddddddddaaaaaaaaajjjjjjjppp]]]]]]QQQQQQkkkkkkkkVVVVVV\\\\\\BwwwwwwwwpnnnggggZZZZZZZZDDDDDDDDDEEE&quot;)" fullname="Open_Lab_06._01.Tests.ChallengeTestRandom(&quot;H4V5g7h4A7C7d1E4J1Q8g7S2A7X4y1F4i5q9N5G2T3g5L7_8]1A5I9j2H9i6z2n6g6U5a7o6k1Y9a2b6u2b4W4U2L5V9Y6R8h7C1\\6^8k9J9l2V5B5S5B6N4J5_8L6c2h8]7b5i9r1i6C4n2a6d8a9j7p3]6Q6k8V6\\3B1w8p1n3g4Z8D9E3&quot;,&quot;HHHHVVVVVggggggghhhhAAAAAAACCCCCCCdEEEEJQQQQQQQQgggggggSSAAAAAAAXXXXyFFFFiiiiiqqqqqqqqqNNNNNGGTTTgggggLLLLLLL________]AAAAAIIIIIIIIIjjHHHHHHHHHiiiiiizznnnnnnggggggUUUUUaaaaaaaooooookYYYYYYYYYaabbbbbbuubbbbWWWWUULLLLLVVVVVVVVVYYYYYYRRRRRRRRhhhhhhhC\\\\\\\\\\\\^^^^^^^^kkkkkkkkkJJJJJJJJJllVVVVVBBBBBSSSSSBBBBBBNNNNJJJJJ________LLLLLLcchhhhhhhh]]]]]]]bbbbbiiiiiiiiiriiiiiiCCCCnnaaaaaaddddddddaaaaaaaaajjjjjjjppp]]]]]]QQQQQQkkkkkkkkVVVVVV\\\\\\BwwwwwwwwpnnnggggZZZZZZZZDDDDDDDDDEEE&quot;)" methodname="ChallengeTestRandom" classname="Open_Lab_06._01.Tests" runstate="Runnable" seed="144965071" result="Passed" start-time="2021-12-28 20:00:34Z" end-time="2021-12-28 20:00:34Z" duration="0.000724" asserts="1" />
            <test-case id="1019" name="ChallengeTestRandom(&quot;j6A3J9B7D4y8H9j1j7i6]9T1U9A7_2X6W8g9\\1s1u2l7o4_4j7T3W3E4x6e1h5u9X4&quot;,&quot;jjjjjjAAAJJJJJJJJJBBBBBBBDDDDyyyyyyyyHHHHHHHHHjjjjjjjjiiiiii]]]]]]]]]TUUUUUUUUUAAAAAAA__XXXXXXWWWWWWWWggggggggg\\suullllllloooo____jjjjjjjTTTWWWEEEExxxxxxehhhhhuuuuuuuuuXXXX&quot;)" fullname="Open_Lab_06._01.Tests.ChallengeTestRandom(&quot;j6A3J9B7D4y8H9j1j7i6]9T1U9A7_2X6W8g9\\1s1u2l7o4_4j7T3W3E4x6e1h5u9X4&quot;,&quot;jjjjjjAAAJJJJJJJJJBBBBBBBDDDDyyyyyyyyHHHHHHHHHjjjjjjjjiiiiii]]]]]]]]]TUUUUUUUUUAAAAAAA__XXXXXXWWWWWWWWggggggggg\\suullllllloooo____jjjjjjjTTTWWWEEEExxxxxxehhhhhuuuuuuuuuXXXX&quot;)" methodname="ChallengeTestRandom" classname="Open_Lab_06._01.Tests" runstate="Runnable" seed="1351909669" result="Passed" start-time="2021-12-28 20:00:34Z" end-time="2021-12-28 20:00:34Z" duration="0.000223" asserts="1" />
            <test-case id="1020" name="ChallengeTestRandom(&quot;H5h4e3_7p1u3u1N2Q4K3z4B9U1W5B5P8c1X9B4i9s5P4C3j1Z4&quot;,&quot;HHHHHhhhheee_______puuuuNNQQQQKKKzzzzBBBBBBBBBUWWWWWBBBBBPPPPPPPPcXXXXXXXXXBBBBiiiiiiiiisssssPPPPCCCjZZZZ&quot;)" fullname="Open_Lab_06._01.Tests.ChallengeTestRandom(&quot;H5h4e3_7p1u3u1N2Q4K3z4B9U1W5B5P8c1X9B4i9s5P4C3j1Z4&quot;,&quot;HHHHHhhhheee_______puuuuNNQQQQKKKzzzzBBBBBBBBBUWWWWWBBBBBPPPPPPPPcXXXXXXXXXBBBBiiiiiiiiisssssPPPPCCCjZZZZ&quot;)" methodname="ChallengeTestRandom" classname="Open_Lab_06._01.Tests" runstate="Runnable" seed="2030338783" result="Passed" start-time="2021-12-28 20:00:34Z" end-time="2021-12-28 20:00:34Z" duration="0.000119" asserts="1" />
            <test-case id="1021" name="ChallengeTestRandom(&quot;O6o2M5d4K9B4C9t1A5q7R4i5d5i6U1B7`1A2o8K4Y1_1r1N4I3i5c6T1_7v3f6`6T4[9B8i1a6x8A2h6Z3t4C8\\4p5Q3Z5W6`8m1v9O4o1&quot;,&quot;OOOOOOooMMMMMddddKKKKKKKKKBBBBCCCCCCCCCtAAAAAqqqqqqqRRRRiiiiidddddiiiiiiUBBBBBBB`AAooooooooKKKKY_rNNNNIIIiiiiiccccccT_______vvvffffff``````TTTT[[[[[[[[[BBBBBBBBiaaaaaaxxxxxxxxAAhhhhhhZZZttttCCCCCCCC\\\\\\\\pppppQQQZZZZZWWWWWW````````mvvvvvvvvvOOOOo&quot;)" fullname="Open_Lab_06._01.Tests.ChallengeTestRandom(&quot;O6o2M5d4K9B4C9t1A5q7R4i5d5i6U1B7`1A2o8K4Y1_1r1N4I3i5c6T1_7v3f6`6T4[9B8i1a6x8A2h6Z3t4C8\\4p5Q3Z5W6`8m1v9O4o1&quot;,&quot;OOOOOOooMMMMMddddKKKKKKKKKBBBBCCCCCCCCCtAAAAAqqqqqqqRRRRiiiiidddddiiiiiiUBBBBBBB`AAooooooooKKKKY_rNNNNIIIiiiiiccccccT_______vvvffffff``````TTTT[[[[[[[[[BBBBBBBBiaaaaaaxxxxxxxxAAhhhhhhZZZttttCCCCCCCC\\\\\\\\pppppQQQZZZZZWWWWWW````````mvvvvvvvvvOOOOo&quot;)" methodname="ChallengeTestRandom" classname="Open_Lab_06._01.Tests" runstate="Runnable" seed="1759887571" result="Passed" start-time="2021-12-28 20:00:34Z" end-time="2021-12-28 20:00:34Z" duration="0.000261" asserts="1" />
            <test-case id="1022" name="ChallengeTestRandom(&quot;o1H2v7i6N2h6v4A5k1J8&quot;,&quot;oHHvvvvvvviiiiiiNNhhhhhhvvvvAAAAAkJJJJJJJJ&quot;)" fullname="Open_Lab_06._01.Tests.ChallengeTestRandom(&quot;o1H2v7i6N2h6v4A5k1J8&quot;,&quot;oHHvvvvvvviiiiiiNNhhhhhhvvvvAAAAAkJJJJJJJJ&quot;)" methodname="ChallengeTestRandom" classname="Open_Lab_06._01.Tests" runstate="Runnable" seed="336676039" result="Passed" start-time="2021-12-28 20:00:34Z" end-time="2021-12-28 20:00:34Z" duration="0.000151" asserts="1" />
            <test-case id="1023" name="ChallengeTestRandom(&quot;X9g1q9Q8J1C8V9R7b7x4]7L2j8X8Q9O5s6W1&quot;,&quot;XXXXXXXXXgqqqqqqqqqQQQQQQQQJCCCCCCCCVVVVVVVVVRRRRRRRbbbbbbbxxxx]]]]]]]LLjjjjjjjjXXXXXXXXQQQQQQQQQOOOOOssssssW&quot;)" fullname="Open_Lab_06._01.Tests.ChallengeTestRandom(&quot;X9g1q9Q8J1C8V9R7b7x4]7L2j8X8Q9O5s6W1&quot;,&quot;XXXXXXXXXgqqqqqqqqqQQQQQQQQJCCCCCCCCVVVVVVVVVRRRRRRRbbbbbbbxxxx]]]]]]]LLjjjjjjjjXXXXXXXXQQQQQQQQQOOOOOssssssW&quot;)" methodname="ChallengeTestRandom" classname="Open_Lab_06._01.Tests" runstate="Runnable" seed="1703163797" result="Passed" start-time="2021-12-28 20:00:34Z" end-time="2021-12-28 20:00:34Z" duration="0.000169" asserts="1" />
            <test-case id="1024" name="ChallengeTestRandom(&quot;p5n1C4q1X6o5V7[2\\2P2&quot;,&quot;pppppnCCCCqXXXXXXoooooVVVVVVV[[\\\\PP&quot;)" fullname="Open_Lab_06._01.Tests.ChallengeTestRandom(&quot;p5n1C4q1X6o5V7[2\\2P2&quot;,&quot;pppppnCCCCqXXXXXXoooooVVVVVVV[[\\\\PP&quot;)" methodname="ChallengeTestRandom" classname="Open_Lab_06._01.Tests" runstate="Runnable" seed="1275391042" result="Passed" start-time="2021-12-28 20:00:34Z" end-time="2021-12-28 20:00:34Z" duration="0.000100" asserts="1" />
            <test-case id="1025" name="ChallengeTestRandom(&quot;K8V9o4b6G4Q3N3O7S2D5M4Q3M6U9[8g4J2e6X1N1O4Q3^3H5M4J1L9d5i8J7R9w8d7E2H6m2N3H6B9F1m7b9N4v7C6W7t6I3R5h6V4Q5P1m8W6q6h7H4L4]5N9`4m4W2]9f6T5W7g2J5v4P4w4x7L5P8E8G7A9Q9]2E8z7&quot;,&quot;KKKKKKKKVVVVVVVVVoooobbbbbbGGGGQQQNNNOOOOOOOSSDDDDDMMMMQQQMMMMMMUUUUUUUUU[[[[[[[[ggggJJeeeeeeXNOOOOQQQ^^^HHHHHMMMMJLLLLLLLLLdddddiiiiiiiiJJJJJJJRRRRRRRRRwwwwwwwwdddddddEEHHHHHHmmNNNHHHHHHBBBBBBBBBFmmmmmmmbbbbbbbbbNNNNvvvvvvvCCCCCCWWWWWWWttttttIIIRRRRRhhhhhhVVVVQQQQQPmmmmmmmmWWWWWWqqqqqqhhhhhhhHHHHLLLL]]]]]NNNNNNNNN````mmmmWW]]]]]]]]]ffffffTTTTTWWWWWWWggJJJJJvvvvPPPPwwwwxxxxxxxLLLLLPPPPPPPPEEEEEEEEGGGGGGGAAAAAAAAAQQQQQQQQQ]]EEEEEEEEzzzzzzz&quot;)" fullname="Open_Lab_06._01.Tests.ChallengeTestRandom(&quot;K8V9o4b6G4Q3N3O7S2D5M4Q3M6U9[8g4J2e6X1N1O4Q3^3H5M4J1L9d5i8J7R9w8d7E2H6m2N3H6B9F1m7b9N4v7C6W7t6I3R5h6V4Q5P1m8W6q6h7H4L4]5N9`4m4W2]9f6T5W7g2J5v4P4w4x7L5P8E8G7A9Q9]2E8z7&quot;,&quot;KKKKKKKKVVVVVVVVVoooobbbbbbGGGGQQQNNNOOOOOOOSSDDDDDMMMMQQQMMMMMMUUUUUUUUU[[[[[[[[ggggJJeeeeeeXNOOOOQQQ^^^HHHHHMMMMJLLLLLLLLLdddddiiiiiiiiJJJJJJJRRRRRRRRRwwwwwwwwdddddddEEHHHHHHmmNNNHHHHHHBBBBBBBBBFmmmmmmmbbbbbbbbbNNNNvvvvvvvCCCCCCWWWWWWWttttttIIIRRRRRhhhhhhVVVVQQQQQPmmmmmmmmWWWWWWqqqqqqhhhhhhhHHHHLLLL]]]]]NNNNNNNNN````mmmmWW]]]]]]]]]ffffffTTTTTWWWWWWWggJJJJJvvvvPPPPwwwwxxxxxxxLLLLLPPPPPPPPEEEEEEEEGGGGGGGAAAAAAAAAQQQQQQQQQ]]EEEEEEEEzzzzzzz&quot;)" methodname="ChallengeTestRandom" classname="Open_Lab_06._01.Tests" runstate="Runnable" seed="1108663296" result="Passed" start-time="2021-12-28 20:00:34Z" end-time="2021-12-28 20:00:34Z" duration="0.000459" asserts="1" />
            <test-case id="1026" name="ChallengeTestRandom(&quot;x4u1g7I4s1I2E4u2i7r4c4Z6k2B3D8`3b4A4Q5c2w5O7r8M5c9W2H3m9a3w7S4x3c6q7J7Y4p6[4W8V6&quot;,&quot;xxxxugggggggIIIIsIIEEEEuuiiiiiiirrrrccccZZZZZZkkBBBDDDDDDDD```bbbbAAAAQQQQQccwwwwwOOOOOOOrrrrrrrrMMMMMcccccccccWWHHHmmmmmmmmmaaawwwwwwwSSSSxxxccccccqqqqqqqJJJJJJJYYYYpppppp[[[[WWWWWWWWVVVVVV&quot;)" fullname="Open_Lab_06._01.Tests.ChallengeTestRandom(&quot;x4u1g7I4s1I2E4u2i7r4c4Z6k2B3D8`3b4A4Q5c2w5O7r8M5c9W2H3m9a3w7S4x3c6q7J7Y4p6[4W8V6&quot;,&quot;xxxxugggggggIIIIsIIEEEEuuiiiiiiirrrrccccZZZZZZkkBBBDDDDDDDD```bbbbAAAAQQQQQccwwwwwOOOOOOOrrrrrrrrMMMMMcccccccccWWHHHmmmmmmmmmaaawwwwwwwSSSSxxxccccccqqqqqqqJJJJJJJYYYYpppppp[[[[WWWWWWWWVVVVVV&quot;)" methodname="ChallengeTestRandom" classname="Open_Lab_06._01.Tests" runstate="Runnable" seed="146309426" result="Passed" start-time="2021-12-28 20:00:34Z" end-time="2021-12-28 20:00:34Z" duration="0.000205" asserts="1" />
            <test-case id="1027" name="ChallengeTestRandom(&quot;C1u3N9c3h6c9J2f2g8G2]7K8o7k5v5v9k3P4D1V7N5]2p1&quot;,&quot;CuuuNNNNNNNNNccchhhhhhcccccccccJJffggggggggGG]]]]]]]KKKKKKKKoooooookkkkkvvvvvvvvvvvvvvkkkPPPPDVVVVVVVNNNNN]]p&quot;)" fullname="Open_Lab_06._01.Tests.ChallengeTestRandom(&quot;C1u3N9c3h6c9J2f2g8G2]7K8o7k5v5v9k3P4D1V7N5]2p1&quot;,&quot;CuuuNNNNNNNNNccchhhhhhcccccccccJJffggggggggGG]]]]]]]KKKKKKKKoooooookkkkkvvvvvvvvvvvvvvkkkPPPPDVVVVVVVNNNNN]]p&quot;)" methodname="ChallengeTestRandom" classname="Open_Lab_06._01.Tests" runstate="Runnable" seed="1014657522" result="Passed" start-time="2021-12-28 20:00:34Z" end-time="2021-12-28 20:00:34Z" duration="0.000175" asserts="1" />
            <test-case id="1028" name="ChallengeTestRandom(&quot;O6D8Z7^3N5J1k1E5k6P1m4f8y7f8S5j3X9]8r7]3N1B8t9e6J9l5`5u9J4l3d6M1V9i3C8n4_5L2r3&quot;,&quot;OOOOOODDDDDDDDZZZZZZZ^^^NNNNNJkEEEEEkkkkkkPmmmmffffffffyyyyyyyffffffffSSSSSjjjXXXXXXXXX]]]]]]]]rrrrrrr]]]NBBBBBBBBttttttttteeeeeeJJJJJJJJJlllll`````uuuuuuuuuJJJJlllddddddMVVVVVVVVViiiCCCCCCCCnnnn_____LLrrr&quot;)" fullname="Open_Lab_06._01.Tests.ChallengeTestRandom(&quot;O6D8Z7^3N5J1k1E5k6P1m4f8y7f8S5j3X9]8r7]3N1B8t9e6J9l5`5u9J4l3d6M1V9i3C8n4_5L2r3&quot;,&quot;OOOOOODDDDDDDDZZZZZZZ^^^NNNNNJkEEEEEkkkkkkPmmmmffffffffyyyyyyyffffffffSSSSSjjjXXXXXXXXX]]]]]]]]rrrrrrr]]]NBBBBBBBBttttttttteeeeeeJJJJJJJJJlllll`````uuuuuuuuuJJJJlllddddddMVVVVVVVVViiiCCCCCCCCnnnn_____LLrrr&quot;)" methodname="ChallengeTestRandom" classname="Open_Lab_06._01.Tests" runstate="Runnable" seed="1169189646" result="Passed" start-time="2021-12-28 20:00:34Z" end-time="2021-12-28 20:00:34Z" duration="0.000222" asserts="1" />
            <test-case id="1029" name="ChallengeTestRandom(&quot;X8j2o3N6Z4G9_5t5K5G6f6l9p8O7U9z7[5U5t4Y7H4O8w9P8e1B7k3L2Z5\\8S1B3x7F6H1a5M4Z7f7x8\\1S2l6o7R3w8Q1B4r8z6i4t3K2C6i9s4s6c5y1v4n2l7`3G5l8v6q1R6T1&quot;,&quot;XXXXXXXXjjoooNNNNNNZZZZGGGGGGGGG_____tttttKKKKKGGGGGGfffffflllllllllppppppppOOOOOOOUUUUUUUUUzzzzzzz[[[[[UUUUUttttYYYYYYYHHHHOOOOOOOOwwwwwwwwwPPPPPPPPeBBBBBBBkkkLLZZZZZ\\\\\\\\\\\\\\\\SBBBxxxxxxxFFFFFFHaaaaaMMMMZZZZZZZfffffffxxxxxxxx\\SSlllllloooooooRRRwwwwwwwwQBBBBrrrrrrrrzzzzzziiiitttKKCCCCCCiiiiiiiiisssssssssscccccyvvvvnnlllllll```GGGGGllllllllvvvvvvqRRRRRRT&quot;)" fullname="Open_Lab_06._01.Tests.ChallengeTestRandom(&quot;X8j2o3N6Z4G9_5t5K5G6f6l9p8O7U9z7[5U5t4Y7H4O8w9P8e1B7k3L2Z5\\8S1B3x7F6H1a5M4Z7f7x8\\1S2l6o7R3w8Q1B4r8z6i4t3K2C6i9s4s6c5y1v4n2l7`3G5l8v6q1R6T1&quot;,&quot;XXXXXXXXjjoooNNNNNNZZZZGGGGGGGGG_____tttttKKKKKGGGGGGfffffflllllllllppppppppOOOOOOOUUUUUUUUUzzzzzzz[[[[[UUUUUttttYYYYYYYHHHHOOOOOOOOwwwwwwwwwPPPPPPPPeBBBBBBBkkkLLZZZZZ\\\\\\\\\\\\\\\\SBBBxxxxxxxFFFFFFHaaaaaMMMMZZZZZZZfffffffxxxxxxxx\\SSlllllloooooooRRRwwwwwwwwQBBBBrrrrrrrrzzzzzziiiitttKKCCCCCCiiiiiiiiisssssssssscccccyvvvvnnlllllll```GGGGGllllllllvvvvvvqRRRRRRT&quot;)" methodname="ChallengeTestRandom" classname="Open_Lab_06._01.Tests" runstate="Runnable" seed="244322730" result="Passed" start-time="2021-12-28 20:00:34Z" end-time="2021-12-28 20:00:34Z" duration="0.000741" asserts="1" />
            <test-case id="1030" name="ChallengeTestRandom(&quot;H4r7s6S9p2v7Z8m6w6c5h6K5G2o5Q8U2n7o1v2&quot;,&quot;HHHHrrrrrrrssssssSSSSSSSSSppvvvvvvvZZZZZZZZmmmmmmwwwwwwccccchhhhhhKKKKKGGoooooQQQQQQQQUUnnnnnnnovv&quot;)" fullname="Open_Lab_06._01.Tests.ChallengeTestRandom(&quot;H4r7s6S9p2v7Z8m6w6c5h6K5G2o5Q8U2n7o1v2&quot;,&quot;HHHHrrrrrrrssssssSSSSSSSSSppvvvvvvvZZZZZZZZmmmmmmwwwwwwccccchhhhhhKKKKKGGoooooQQQQQQQQUUnnnnnnnovv&quot;)" methodname="ChallengeTestRandom" classname="Open_Lab_06._01.Tests" runstate="Runnable" seed="1035906771" result="Passed" start-time="2021-12-28 20:00:34Z" end-time="2021-12-28 20:00:34Z" duration="0.000563" asserts="1" />
            <test-case id="1031" name="ChallengeTestRandom(&quot;S8R3G3j8Y5B1l4c7f7f5V5`2g9I4Z1N7&quot;,&quot;SSSSSSSSRRRGGGjjjjjjjjYYYYYBllllcccccccffffffffffffVVVVV``gggggggggIIIIZNNNNNNN&quot;)" fullname="Open_Lab_06._01.Tests.ChallengeTestRandom(&quot;S8R3G3j8Y5B1l4c7f7f5V5`2g9I4Z1N7&quot;,&quot;SSSSSSSSRRRGGGjjjjjjjjYYYYYBllllcccccccffffffffffffVVVVV``gggggggggIIIIZNNNNNNN&quot;)" methodname="ChallengeTestRandom" classname="Open_Lab_06._01.Tests" runstate="Runnable" seed="1233877209" result="Passed" start-time="2021-12-28 20:00:34Z" end-time="2021-12-28 20:00:34Z" duration="0.000231" asserts="1" />
            <test-case id="1032" name="ChallengeTestRandom(&quot;d8U3L4V1B4j4n3B6P2B2e3J5X7k6d7a1V8I6N5Z4Q4U2p8t6G8J9M7J4G2y7T6n7p9t8[2x6j9A6I5s4l7a9t7e8Y1U1V6F8T6y4m9S7w5z3V6y6o7q3H4E1O9n3&quot;,&quot;ddddddddUUULLLLVBBBBjjjjnnnBBBBBBPPBBeeeJJJJJXXXXXXXkkkkkkdddddddaVVVVVVVVIIIIIINNNNNZZZZQQQQUUppppppppttttttGGGGGGGGJJJJJJJJJMMMMMMMJJJJGGyyyyyyyTTTTTTnnnnnnnppppppppptttttttt[[xxxxxxjjjjjjjjjAAAAAAIIIIIsssslllllllaaaaaaaaattttttteeeeeeeeYUVVVVVVFFFFFFFFTTTTTTyyyymmmmmmmmmSSSSSSSwwwwwzzzVVVVVVyyyyyyoooooooqqqHHHHEOOOOOOOOOnnn&quot;)" fullname="Open_Lab_06._01.Tests.ChallengeTestRandom(&quot;d8U3L4V1B4j4n3B6P2B2e3J5X7k6d7a1V8I6N5Z4Q4U2p8t6G8J9M7J4G2y7T6n7p9t8[2x6j9A6I5s4l7a9t7e8Y1U1V6F8T6y4m9S7w5z3V6y6o7q3H4E1O9n3&quot;,&quot;ddddddddUUULLLLVBBBBjjjjnnnBBBBBBPPBBeeeJJJJJXXXXXXXkkkkkkdddddddaVVVVVVVVIIIIIINNNNNZZZZQQQQUUppppppppttttttGGGGGGGGJJJJJJJJJMMMMMMMJJJJGGyyyyyyyTTTTTTnnnnnnnppppppppptttttttt[[xxxxxxjjjjjjjjjAAAAAAIIIIIsssslllllllaaaaaaaaattttttteeeeeeeeYUVVVVVVFFFFFFFFTTTTTTyyyymmmmmmmmmSSSSSSSwwwwwzzzVVVVVVyyyyyyoooooooqqqHHHHEOOOOOOOOOnnn&quot;)" methodname="ChallengeTestRandom" classname="Open_Lab_06._01.Tests" runstate="Runnable" seed="207938292" result="Passed" start-time="2021-12-28 20:00:34Z" end-time="2021-12-28 20:00:34Z" duration="0.000516" asserts="1" />
            <test-case id="1033" name="ChallengeTestRandom(&quot;W2q5Y5m2v4D9A6f7A8m6d1H7j1O5A3t7s9a4J7w2L5s4m3H7Y3O1B3c4Y6m8v9W5E3l2L6j9h8r3u3Q8S9s9Z9&quot;,&quot;WWqqqqqYYYYYmmvvvvDDDDDDDDDAAAAAAfffffffAAAAAAAAmmmmmmdHHHHHHHjOOOOOAAAtttttttsssssssssaaaaJJJJJJJwwLLLLLssssmmmHHHHHHHYYYOBBBccccYYYYYYmmmmmmmmvvvvvvvvvWWWWWEEEllLLLLLLjjjjjjjjjhhhhhhhhrrruuuQQQQQQQQSSSSSSSSSsssssssssZZZZZZZZZ&quot;)" fullname="Open_Lab_06._01.Tests.ChallengeTestRandom(&quot;W2q5Y5m2v4D9A6f7A8m6d1H7j1O5A3t7s9a4J7w2L5s4m3H7Y3O1B3c4Y6m8v9W5E3l2L6j9h8r3u3Q8S9s9Z9&quot;,&quot;WWqqqqqYYYYYmmvvvvDDDDDDDDDAAAAAAfffffffAAAAAAAAmmmmmmdHHHHHHHjOOOOOAAAtttttttsssssssssaaaaJJJJJJJwwLLLLLssssmmmHHHHHHHYYYOBBBccccYYYYYYmmmmmmmmvvvvvvvvvWWWWWEEEllLLLLLLjjjjjjjjjhhhhhhhhrrruuuQQQQQQQQSSSSSSSSSsssssssssZZZZZZZZZ&quot;)" methodname="ChallengeTestRandom" classname="Open_Lab_06._01.Tests" runstate="Runnable" seed="2125775890" result="Passed" start-time="2021-12-28 20:00:34Z" end-time="2021-12-28 20:00:34Z" duration="0.000183" asserts="1" />
            <test-case id="1034" name="ChallengeTestRandom(&quot;\\8w7V3y4k6f9d2\\1[1W4l6S5a7q5y6Z6Y8P3O9U7j5H7P3g6q9X8D6H1Y9i3_8c3^2m8l3q6A7r8Y1[1q9p9L2k8J4\\4z1y5G4o1t4L4A3a6N2_1n4A8^6v5G6I4F4n8u1&quot;,&quot;\\\\\\\\\\\\\\\\wwwwwwwVVVyyyykkkkkkfffffffffdd\\[WWWWllllllSSSSSaaaaaaaqqqqqyyyyyyZZZZZZYYYYYYYYPPPOOOOOOOOOUUUUUUUjjjjjHHHHHHHPPPggggggqqqqqqqqqXXXXXXXXDDDDDDHYYYYYYYYYiii________ccc^^mmmmmmmmlllqqqqqqAAAAAAArrrrrrrrY[qqqqqqqqqpppppppppLLkkkkkkkkJJJJ\\\\\\\\zyyyyyGGGGottttLLLLAAAaaaaaaNN_nnnnAAAAAAAA^^^^^^vvvvvGGGGGGIIIIFFFFnnnnnnnnu&quot;)" fullname="Open_Lab_06._01.Tests.ChallengeTestRandom(&quot;\\8w7V3y4k6f9d2\\1[1W4l6S5a7q5y6Z6Y8P3O9U7j5H7P3g6q9X8D6H1Y9i3_8c3^2m8l3q6A7r8Y1[1q9p9L2k8J4\\4z1y5G4o1t4L4A3a6N2_1n4A8^6v5G6I4F4n8u1&quot;,&quot;\\\\\\\\\\\\\\\\wwwwwwwVVVyyyykkkkkkfffffffffdd\\[WWWWllllllSSSSSaaaaaaaqqqqqyyyyyyZZZZZZYYYYYYYYPPPOOOOOOOOOUUUUUUUjjjjjHHHHHHHPPPggggggqqqqqqqqqXXXXXXXXDDDDDDHYYYYYYYYYiii________ccc^^mmmmmmmmlllqqqqqqAAAAAAArrrrrrrrY[qqqqqqqqqpppppppppLLkkkkkkkkJJJJ\\\\\\\\zyyyyyGGGGottttLLLLAAAaaaaaaNN_nnnnAAAAAAAA^^^^^^vvvvvGGGGGGIIIIFFFFnnnnnnnnu&quot;)" methodname="ChallengeTestRandom" classname="Open_Lab_06._01.Tests" runstate="Runnable" seed="1222941891" result="Passed" start-time="2021-12-28 20:00:34Z" end-time="2021-12-28 20:00:34Z" duration="0.000267" asserts="1" />
            <test-case id="1035" name="ChallengeTestRandom(&quot;X9C2]1`7a2`3E2D8L3T5f8J1[3n2K2C8m3G2l3_7y9U4b3D3B6b6b1P6B3b7v3w4O7V3j9]8y4v4k3j8I2I2Q6i1u2L8L1A3Y6E6v3t2F2D2g2b6&quot;,&quot;XXXXXXXXXCC]```````aa```EEDDDDDDDDLLLTTTTTffffffffJ[[[nnKKCCCCCCCCmmmGGlll_______yyyyyyyyyUUUUbbbDDDBBBBBBbbbbbbbPPPPPPBBBbbbbbbbvvvwwwwOOOOOOOVVVjjjjjjjjj]]]]]]]]yyyyvvvvkkkjjjjjjjjIIIIQQQQQQiuuLLLLLLLLLAAAYYYYYYEEEEEEvvvttFFDDggbbbbbb&quot;)" fullname="Open_Lab_06._01.Tests.ChallengeTestRandom(&quot;X9C2]1`7a2`3E2D8L3T5f8J1[3n2K2C8m3G2l3_7y9U4b3D3B6b6b1P6B3b7v3w4O7V3j9]8y4v4k3j8I2I2Q6i1u2L8L1A3Y6E6v3t2F2D2g2b6&quot;,&quot;XXXXXXXXXCC]```````aa```EEDDDDDDDDLLLTTTTTffffffffJ[[[nnKKCCCCCCCCmmmGGlll_______yyyyyyyyyUUUUbbbDDDBBBBBBbbbbbbbPPPPPPBBBbbbbbbbvvvwwwwOOOOOOOVVVjjjjjjjjj]]]]]]]]yyyyvvvvkkkjjjjjjjjIIIIQQQQQQiuuLLLLLLLLLAAAYYYYYYEEEEEEvvvttFFDDggbbbbbb&quot;)" methodname="ChallengeTestRandom" classname="Open_Lab_06._01.Tests" runstate="Runnable" seed="1032988490" result="Passed" start-time="2021-12-28 20:00:34Z" end-time="2021-12-28 20:00:34Z" duration="0.000184" asserts="1" />
            <test-case id="1036" name="ChallengeTestRandom(&quot;X1k2T2N4K6v1]6k3R4F8Y7y3w3I5^9v5A2n9Q1E4r3l7y2c6S2&quot;,&quot;XkkTTNNNNKKKKKKv]]]]]]kkkRRRRFFFFFFFFYYYYYYYyyywwwIIIII^^^^^^^^^vvvvvAAnnnnnnnnnQEEEErrrlllllllyyccccccSS&quot;)" fullname="Open_Lab_06._01.Tests.ChallengeTestRandom(&quot;X1k2T2N4K6v1]6k3R4F8Y7y3w3I5^9v5A2n9Q1E4r3l7y2c6S2&quot;,&quot;XkkTTNNNNKKKKKKv]]]]]]kkkRRRRFFFFFFFFYYYYYYYyyywwwIIIII^^^^^^^^^vvvvvAAnnnnnnnnnQEEEErrrlllllllyyccccccSS&quot;)" methodname="ChallengeTestRandom" classname="Open_Lab_06._01.Tests" runstate="Runnable" seed="1940392628" result="Passed" start-time="2021-12-28 20:00:34Z" end-time="2021-12-28 20:00:34Z" duration="0.000113" asserts="1" />
            <test-case id="1037" name="ChallengeTestRandom(&quot;F4Z5J6Y2p3P3g1j1^6f5s1s8k9q5V4O9i6q2a7e4r9O2c9E6O1F9h4^7e3s5T7s1C9W6O5D1q2N7`7S9X1F7p4y8f9E5_1c9R7t4N9p6t3d9]9l8L7P7A6E5e3r4x7d1G8V5B2t4w8`8L8]1n8q4h7l1P2&quot;,&quot;FFFFZZZZZJJJJJJYYpppPPPgj^^^^^^fffffssssssssskkkkkkkkkqqqqqVVVVOOOOOOOOOiiiiiiqqaaaaaaaeeeerrrrrrrrrOOcccccccccEEEEEEOFFFFFFFFFhhhh^^^^^^^eeesssssTTTTTTTsCCCCCCCCCWWWWWWOOOOODqqNNNNNNN```````SSSSSSSSSXFFFFFFFppppyyyyyyyyfffffffffEEEEE_cccccccccRRRRRRRttttNNNNNNNNNpppppptttddddddddd]]]]]]]]]llllllllLLLLLLLPPPPPPPAAAAAAEEEEEeeerrrrxxxxxxxdGGGGGGGGVVVVVBBttttwwwwwwww````````LLLLLLLL]nnnnnnnnqqqqhhhhhhhlPP&quot;)" fullname="Open_Lab_06._01.Tests.ChallengeTestRandom(&quot;F4Z5J6Y2p3P3g1j1^6f5s1s8k9q5V4O9i6q2a7e4r9O2c9E6O1F9h4^7e3s5T7s1C9W6O5D1q2N7`7S9X1F7p4y8f9E5_1c9R7t4N9p6t3d9]9l8L7P7A6E5e3r4x7d1G8V5B2t4w8`8L8]1n8q4h7l1P2&quot;,&quot;FFFFZZZZZJJJJJJYYpppPPPgj^^^^^^fffffssssssssskkkkkkkkkqqqqqVVVVOOOOOOOOOiiiiiiqqaaaaaaaeeeerrrrrrrrrOOcccccccccEEEEEEOFFFFFFFFFhhhh^^^^^^^eeesssssTTTTTTTsCCCCCCCCCWWWWWWOOOOODqqNNNNNNN```````SSSSSSSSSXFFFFFFFppppyyyyyyyyfffffffffEEEEE_cccccccccRRRRRRRttttNNNNNNNNNpppppptttddddddddd]]]]]]]]]llllllllLLLLLLLPPPPPPPAAAAAAEEEEEeeerrrrxxxxxxxdGGGGGGGGVVVVVBBttttwwwwwwww````````LLLLLLLL]nnnnnnnnqqqqhhhhhhhlPP&quot;)" methodname="ChallengeTestRandom" classname="Open_Lab_06._01.Tests" runstate="Runnable" seed="764099467" result="Passed" start-time="2021-12-28 20:00:34Z" end-time="2021-12-28 20:00:34Z" duration="0.000329" asserts="1" />
            <test-case id="1038" name="ChallengeTestRandom(&quot;o4G7r3k4A8`4s7Y8I6M9d1B9b9q2F2_7V9E9q2i6\\5\\2O4x7O9d4C9k6h8i2_6l5v3R6o8o3M5a7Z5g6O8x9F7t6O7Z2t6y1X9\\2X6F1b9k1D3Z3_1X8b6L1i4e5r1&quot;,&quot;ooooGGGGGGGrrrkkkkAAAAAAAA````sssssssYYYYYYYYIIIIIIMMMMMMMMMdBBBBBBBBBbbbbbbbbbqqFF_______VVVVVVVVVEEEEEEEEEqqiiiiii\\\\\\\\\\\\\\OOOOxxxxxxxOOOOOOOOOddddCCCCCCCCCkkkkkkhhhhhhhhii______lllllvvvRRRRRRoooooooooooMMMMMaaaaaaaZZZZZggggggOOOOOOOOxxxxxxxxxFFFFFFFttttttOOOOOOOZZttttttyXXXXXXXXX\\\\XXXXXXFbbbbbbbbbkDDDZZZ_XXXXXXXXbbbbbbLiiiieeeeer&quot;)" fullname="Open_Lab_06._01.Tests.ChallengeTestRandom(&quot;o4G7r3k4A8`4s7Y8I6M9d1B9b9q2F2_7V9E9q2i6\\5\\2O4x7O9d4C9k6h8i2_6l5v3R6o8o3M5a7Z5g6O8x9F7t6O7Z2t6y1X9\\2X6F1b9k1D3Z3_1X8b6L1i4e5r1&quot;,&quot;ooooGGGGGGGrrrkkkkAAAAAAAA````sssssssYYYYYYYYIIIIIIMMMMMMMMMdBBBBBBBBBbbbbbbbbbqqFF_______VVVVVVVVVEEEEEEEEEqqiiiiii\\\\\\\\\\\\\\OOOOxxxxxxxOOOOOOOOOddddCCCCCCCCCkkkkkkhhhhhhhhii______lllllvvvRRRRRRoooooooooooMMMMMaaaaaaaZZZZZggggggOOOOOOOOxxxxxxxxxFFFFFFFttttttOOOOOOOZZttttttyXXXXXXXXX\\\\XXXXXXFbbbbbbbbbkDDDZZZ_XXXXXXXXbbbbbbLiiiieeeeer&quot;)" methodname="ChallengeTestRandom" classname="Open_Lab_06._01.Tests" runstate="Runnable" seed="1320508629" result="Passed" start-time="2021-12-28 20:00:34Z" end-time="2021-12-28 20:00:34Z" duration="0.000277" asserts="1" />
            <test-case id="1039" name="ChallengeTestRandom(&quot;I6e7O1A2J5A8C2a8x7W7F2Y6V4H9r9]5X1c1&quot;,&quot;IIIIIIeeeeeeeOAAJJJJJAAAAAAAACCaaaaaaaaxxxxxxxWWWWWWWFFYYYYYYVVVVHHHHHHHHHrrrrrrrrr]]]]]Xc&quot;)" fullname="Open_Lab_06._01.Tests.ChallengeTestRandom(&quot;I6e7O1A2J5A8C2a8x7W7F2Y6V4H9r9]5X1c1&quot;,&quot;IIIIIIeeeeeeeOAAJJJJJAAAAAAAACCaaaaaaaaxxxxxxxWWWWWWWFFYYYYYYVVVVHHHHHHHHHrrrrrrrrr]]]]]Xc&quot;)" methodname="ChallengeTestRandom" classname="Open_Lab_06._01.Tests" runstate="Runnable" seed="277303335" result="Passed" start-time="2021-12-28 20:00:34Z" end-time="2021-12-28 20:00:34Z" duration="0.000112" asserts="1" />
            <test-case id="1040" name="ChallengeTestRandom(&quot;O4u2S5i3v6_2r2s7C5]6O3O7E1j6u4f7y3i3]6n6j4Z8d8A8e7V6F8J3v6Z8_7g3^2J3y6x3n4d1M5Y4e3l9U3I8F7e2K6t1G4U3f3n4h3C9g1V7[5C2a6r4H7]5h4&quot;,&quot;OOOOuuSSSSSiiivvvvvv__rrsssssssCCCCC]]]]]]OOOOOOOOOOEjjjjjjuuuufffffffyyyiii]]]]]]nnnnnnjjjjZZZZZZZZddddddddAAAAAAAAeeeeeeeVVVVVVFFFFFFFFJJJvvvvvvZZZZZZZZ_______ggg^^JJJyyyyyyxxxnnnndMMMMMYYYYeeelllllllllUUUIIIIIIIIFFFFFFFeeKKKKKKtGGGGUUUfffnnnnhhhCCCCCCCCCgVVVVVVV[[[[[CCaaaaaarrrrHHHHHHH]]]]]hhhh&quot;)" fullname="Open_Lab_06._01.Tests.ChallengeTestRandom(&quot;O4u2S5i3v6_2r2s7C5]6O3O7E1j6u4f7y3i3]6n6j4Z8d8A8e7V6F8J3v6Z8_7g3^2J3y6x3n4d1M5Y4e3l9U3I8F7e2K6t1G4U3f3n4h3C9g1V7[5C2a6r4H7]5h4&quot;,&quot;OOOOuuSSSSSiiivvvvvv__rrsssssssCCCCC]]]]]]OOOOOOOOOOEjjjjjjuuuufffffffyyyiii]]]]]]nnnnnnjjjjZZZZZZZZddddddddAAAAAAAAeeeeeeeVVVVVVFFFFFFFFJJJvvvvvvZZZZZZZZ_______ggg^^JJJyyyyyyxxxnnnndMMMMMYYYYeeelllllllllUUUIIIIIIIIFFFFFFFeeKKKKKKtGGGGUUUfffnnnnhhhCCCCCCCCCgVVVVVVV[[[[[CCaaaaaarrrrHHHHHHH]]]]]hhhh&quot;)" methodname="ChallengeTestRandom" classname="Open_Lab_06._01.Tests" runstate="Runnable" seed="598464688" result="Passed" start-time="2021-12-28 20:00:34Z" end-time="2021-12-28 20:00:34Z" duration="0.000255" asserts="1" />
            <test-case id="1041" name="ChallengeTestRandom(&quot;h3M2y4F1M6Z2X6I7W1G7A2S1j8g4L2v9T6U7Z8W4V5p6H4Z8z9F4b2M2s6e4X6X8N3O8Y7d3&quot;,&quot;hhhMMyyyyFMMMMMMZZXXXXXXIIIIIIIWGGGGGGGAASjjjjjjjjggggLLvvvvvvvvvTTTTTTUUUUUUUZZZZZZZZWWWWVVVVVppppppHHHHZZZZZZZZzzzzzzzzzFFFFbbMMsssssseeeeXXXXXXXXXXXXXXNNNOOOOOOOOYYYYYYYddd&quot;)" fullname="Open_Lab_06._01.Tests.ChallengeTestRandom(&quot;h3M2y4F1M6Z2X6I7W1G7A2S1j8g4L2v9T6U7Z8W4V5p6H4Z8z9F4b2M2s6e4X6X8N3O8Y7d3&quot;,&quot;hhhMMyyyyFMMMMMMZZXXXXXXIIIIIIIWGGGGGGGAASjjjjjjjjggggLLvvvvvvvvvTTTTTTUUUUUUUZZZZZZZZWWWWVVVVVppppppHHHHZZZZZZZZzzzzzzzzzFFFFbbMMsssssseeeeXXXXXXXXXXXXXXNNNOOOOOOOOYYYYYYYddd&quot;)" methodname="ChallengeTestRandom" classname="Open_Lab_06._01.Tests" runstate="Runnable" seed="1287608160" result="Passed" start-time="2021-12-28 20:00:34Z" end-time="2021-12-28 20:00:34Z" duration="0.000138" asserts="1" />
            <test-case id="1042" name="ChallengeTestRandom(&quot;f4[8t3u7l9o1&quot;,&quot;ffff[[[[[[[[tttuuuuuuulllllllllo&quot;)" fullname="Open_Lab_06._01.Tests.ChallengeTestRandom(&quot;f4[8t3u7l9o1&quot;,&quot;ffff[[[[[[[[tttuuuuuuulllllllllo&quot;)" methodname="ChallengeTestRandom" classname="Open_Lab_06._01.Tests" runstate="Runnable" seed="530862448" result="Passed" start-time="2021-12-28 20:00:34Z" end-time="2021-12-28 20:00:34Z" duration="0.000081" asserts="1" />
            <test-case id="1043" name="ChallengeTestRandom(&quot;D8]2x7j1D8I5L5a3]7n6m1V9V7j9d7g6Y6k4L1V7T6b5S3h7T4O2B5C8o2U7S9M9p4G5b7a5R8j2U2Z1R7X4X4b1W6Q6S5O4T4]2b7n9f8O4F8n8Q7g7a9z8y7W5L9]1w9t4a2G7`4m6r9_7q6J5l6o3K5o2&quot;,&quot;DDDDDDDD]]xxxxxxxjDDDDDDDDIIIIILLLLLaaa]]]]]]]nnnnnnmVVVVVVVVVVVVVVVVjjjjjjjjjdddddddggggggYYYYYYkkkkLVVVVVVVTTTTTTbbbbbSSShhhhhhhTTTTOOBBBBBCCCCCCCCooUUUUUUUSSSSSSSSSMMMMMMMMMppppGGGGGbbbbbbbaaaaaRRRRRRRRjjUUZRRRRRRRXXXXXXXXbWWWWWWQQQQQQSSSSSOOOOTTTT]]bbbbbbbnnnnnnnnnffffffffOOOOFFFFFFFFnnnnnnnnQQQQQQQgggggggaaaaaaaaazzzzzzzzyyyyyyyWWWWWLLLLLLLLL]wwwwwwwwwttttaaGGGGGGG````mmmmmmrrrrrrrrr_______qqqqqqJJJJJlllllloooKKKKKoo&quot;)" fullname="Open_Lab_06._01.Tests.ChallengeTestRandom(&quot;D8]2x7j1D8I5L5a3]7n6m1V9V7j9d7g6Y6k4L1V7T6b5S3h7T4O2B5C8o2U7S9M9p4G5b7a5R8j2U2Z1R7X4X4b1W6Q6S5O4T4]2b7n9f8O4F8n8Q7g7a9z8y7W5L9]1w9t4a2G7`4m6r9_7q6J5l6o3K5o2&quot;,&quot;DDDDDDDD]]xxxxxxxjDDDDDDDDIIIIILLLLLaaa]]]]]]]nnnnnnmVVVVVVVVVVVVVVVVjjjjjjjjjdddddddggggggYYYYYYkkkkLVVVVVVVTTTTTTbbbbbSSShhhhhhhTTTTOOBBBBBCCCCCCCCooUUUUUUUSSSSSSSSSMMMMMMMMMppppGGGGGbbbbbbbaaaaaRRRRRRRRjjUUZRRRRRRRXXXXXXXXbWWWWWWQQQQQQSSSSSOOOOTTTT]]bbbbbbbnnnnnnnnnffffffffOOOOFFFFFFFFnnnnnnnnQQQQQQQgggggggaaaaaaaaazzzzzzzzyyyyyyyWWWWWLLLLLLLLL]wwwwwwwwwttttaaGGGGGGG````mmmmmmrrrrrrrrr_______qqqqqqJJJJJlllllloooKKKKKoo&quot;)" methodname="ChallengeTestRandom" classname="Open_Lab_06._01.Tests" runstate="Runnable" seed="1067073696" result="Passed" start-time="2021-12-28 20:00:34Z" end-time="2021-12-28 20:00:34Z" duration="0.000395" asserts="1" />
            <test-case id="1044" name="ChallengeTestRandom(&quot;p5`6U9l9c9d2Q5&quot;,&quot;ppppp``````UUUUUUUUUlllllllllcccccccccddQQQQQ&quot;)" fullname="Open_Lab_06._01.Tests.ChallengeTestRandom(&quot;p5`6U9l9c9d2Q5&quot;,&quot;ppppp``````UUUUUUUUUlllllllllcccccccccddQQQQQ&quot;)" methodname="ChallengeTestRandom" classname="Open_Lab_06._01.Tests" runstate="Runnable" seed="744338263" result="Passed" start-time="2021-12-28 20:00:34Z" end-time="2021-12-28 20:00:34Z" duration="0.000090" asserts="1" />
            <test-case id="1045" name="ChallengeTestRandom(&quot;C9r1y3I8v6I8a7A4s7q1v7B2r5e7U3E6p5]8v2F6h7d9L1L2c6l4Z5E7A8V4L2R9m4r7s7r8w3C2d9Q9b6e1o2&quot;,&quot;CCCCCCCCCryyyIIIIIIIIvvvvvvIIIIIIIIaaaaaaaAAAAsssssssqvvvvvvvBBrrrrreeeeeeeUUUEEEEEEppppp]]]]]]]]vvFFFFFFhhhhhhhdddddddddLLLccccccllllZZZZZEEEEEEEAAAAAAAAVVVVLLRRRRRRRRRmmmmrrrrrrrsssssssrrrrrrrrwwwCCdddddddddQQQQQQQQQbbbbbbeoo&quot;)" fullname="Open_Lab_06._01.Tests.ChallengeTestRandom(&quot;C9r1y3I8v6I8a7A4s7q1v7B2r5e7U3E6p5]8v2F6h7d9L1L2c6l4Z5E7A8V4L2R9m4r7s7r8w3C2d9Q9b6e1o2&quot;,&quot;CCCCCCCCCryyyIIIIIIIIvvvvvvIIIIIIIIaaaaaaaAAAAsssssssqvvvvvvvBBrrrrreeeeeeeUUUEEEEEEppppp]]]]]]]]vvFFFFFFhhhhhhhdddddddddLLLccccccllllZZZZZEEEEEEEAAAAAAAAVVVVLLRRRRRRRRRmmmmrrrrrrrsssssssrrrrrrrrwwwCCdddddddddQQQQQQQQQbbbbbbeoo&quot;)" methodname="ChallengeTestRandom" classname="Open_Lab_06._01.Tests" runstate="Runnable" seed="146347157" result="Passed" start-time="2021-12-28 20:00:34Z" end-time="2021-12-28 20:00:34Z" duration="0.000178" asserts="1" />
            <test-case id="1046" name="ChallengeTestRandom(&quot;F1h7a2t2m5N7^4Z4k7[6S6H7F2l1I6T3M6l7L1Q7D1Q6V3n6H3t4U4i9c4C5[5V3T5H7e8^4Q1_4X7q8R5]5W8M9z3Y3h7d8O8v8Y7e9q7H2&quot;,&quot;FhhhhhhhaattmmmmmNNNNNNN^^^^ZZZZkkkkkkk[[[[[[SSSSSSHHHHHHHFFlIIIIIITTTMMMMMMlllllllLQQQQQQQDQQQQQQVVVnnnnnnHHHttttUUUUiiiiiiiiiccccCCCCC[[[[[VVVTTTTTHHHHHHHeeeeeeee^^^^Q____XXXXXXXqqqqqqqqRRRRR]]]]]WWWWWWWWMMMMMMMMMzzzYYYhhhhhhhddddddddOOOOOOOOvvvvvvvvYYYYYYYeeeeeeeeeqqqqqqqHH&quot;)" fullname="Open_Lab_06._01.Tests.ChallengeTestRandom(&quot;F1h7a2t2m5N7^4Z4k7[6S6H7F2l1I6T3M6l7L1Q7D1Q6V3n6H3t4U4i9c4C5[5V3T5H7e8^4Q1_4X7q8R5]5W8M9z3Y3h7d8O8v8Y7e9q7H2&quot;,&quot;FhhhhhhhaattmmmmmNNNNNNN^^^^ZZZZkkkkkkk[[[[[[SSSSSSHHHHHHHFFlIIIIIITTTMMMMMMlllllllLQQQQQQQDQQQQQQVVVnnnnnnHHHttttUUUUiiiiiiiiiccccCCCCC[[[[[VVVTTTTTHHHHHHHeeeeeeee^^^^Q____XXXXXXXqqqqqqqqRRRRR]]]]]WWWWWWWWMMMMMMMMMzzzYYYhhhhhhhddddddddOOOOOOOOvvvvvvvvYYYYYYYeeeeeeeeeqqqqqqqHH&quot;)" methodname="ChallengeTestRandom" classname="Open_Lab_06._01.Tests" runstate="Runnable" seed="742770164" result="Passed" start-time="2021-12-28 20:00:34Z" end-time="2021-12-28 20:00:34Z" duration="0.000215" asserts="1" />
            <test-case id="1047" name="ChallengeTestRandom(&quot;z4k1^6y2a7W2t5R8o9]3k7d5I9U1n8]9O8z8i3K1f6h1_7`3T2C7f6i2Y5]8r4y1d6L6q1R9I7H8n7Y9a9_3w1K9H1t5c9l8E5D1B9P5X4Y3D7l1V5q6c6g9W7v2G4G4H4d6s7s5x1g2_6A4j1_4x1w2Y2a4a9M9M1e1Y5d1j9g7N4I1H9g8s7X1g9P4t5]7&quot;,&quot;zzzzk^^^^^^yyaaaaaaaWWtttttRRRRRRRRooooooooo]]]kkkkkkkdddddIIIIIIIIIUnnnnnnnn]]]]]]]]]OOOOOOOOzzzzzzzziiiKffffffh_______```TTCCCCCCCffffffiiYYYYY]]]]]]]]rrrryddddddLLLLLLqRRRRRRRRRIIIIIIIHHHHHHHHnnnnnnnYYYYYYYYYaaaaaaaaa___wKKKKKKKKKHtttttcccccccccllllllllEEEEEDBBBBBBBBBPPPPPXXXXYYYDDDDDDDlVVVVVqqqqqqccccccgggggggggWWWWWWWvvGGGGGGGGHHHHddddddssssssssssssxgg______AAAAj____xwwYYaaaaaaaaaaaaaMMMMMMMMMMeYYYYYdjjjjjjjjjgggggggNNNNIHHHHHHHHHggggggggsssssssXgggggggggPPPPttttt]]]]]]]&quot;)" fullname="Open_Lab_06._01.Tests.ChallengeTestRandom(&quot;z4k1^6y2a7W2t5R8o9]3k7d5I9U1n8]9O8z8i3K1f6h1_7`3T2C7f6i2Y5]8r4y1d6L6q1R9I7H8n7Y9a9_3w1K9H1t5c9l8E5D1B9P5X4Y3D7l1V5q6c6g9W7v2G4G4H4d6s7s5x1g2_6A4j1_4x1w2Y2a4a9M9M1e1Y5d1j9g7N4I1H9g8s7X1g9P4t5]7&quot;,&quot;zzzzk^^^^^^yyaaaaaaaWWtttttRRRRRRRRooooooooo]]]kkkkkkkdddddIIIIIIIIIUnnnnnnnn]]]]]]]]]OOOOOOOOzzzzzzzziiiKffffffh_______```TTCCCCCCCffffffiiYYYYY]]]]]]]]rrrryddddddLLLLLLqRRRRRRRRRIIIIIIIHHHHHHHHnnnnnnnYYYYYYYYYaaaaaaaaa___wKKKKKKKKKHtttttcccccccccllllllllEEEEEDBBBBBBBBBPPPPPXXXXYYYDDDDDDDlVVVVVqqqqqqccccccgggggggggWWWWWWWvvGGGGGGGGHHHHddddddssssssssssssxgg______AAAAj____xwwYYaaaaaaaaaaaaaMMMMMMMMMMeYYYYYdjjjjjjjjjgggggggNNNNIHHHHHHHHHggggggggsssssssXgggggggggPPPPttttt]]]]]]]&quot;)" methodname="ChallengeTestRandom" classname="Open_Lab_06._01.Tests" runstate="Runnable" seed="256471395" result="Passed" start-time="2021-12-28 20:00:34Z" end-time="2021-12-28 20:00:34Z" duration="0.000447" asserts="1" />
            <test-case id="1048" name="ChallengeTestRandom(&quot;g9[4`8g7d8K1&quot;,&quot;ggggggggg[[[[````````gggggggddddddddK&quot;)" fullname="Open_Lab_06._01.Tests.ChallengeTestRandom(&quot;g9[4`8g7d8K1&quot;,&quot;ggggggggg[[[[````````gggggggddddddddK&quot;)" methodname="ChallengeTestRandom" classname="Open_Lab_06._01.Tests" runstate="Runnable" seed="2114403318" result="Passed" start-time="2021-12-28 20:00:34Z" end-time="2021-12-28 20:00:34Z" duration="0.000085" asserts="1" />
            <test-case id="1049" name="ChallengeTestRandom(&quot;w5O4m6O7H5g1o6n9A2Q7Y6h6J7H6w9q3^3]1N9M3p7_5o3l2s7d6u5H8h4Z6e2a3Q8H4\\7t8_7n5C9t4q1H4f3S3z6O2r6H1v3&quot;,&quot;wwwwwOOOOmmmmmmOOOOOOOHHHHHgoooooonnnnnnnnnAAQQQQQQQYYYYYYhhhhhhJJJJJJJHHHHHHwwwwwwwwwqqq^^^]NNNNNNNNNMMMppppppp_____ooollsssssssdddddduuuuuHHHHHHHHhhhhZZZZZZeeaaaQQQQQQQQHHHH\\\\\\\\\\\\\\tttttttt_______nnnnnCCCCCCCCCttttqHHHHfffSSSzzzzzzOOrrrrrrHvvv&quot;)" fullname="Open_Lab_06._01.Tests.ChallengeTestRandom(&quot;w5O4m6O7H5g1o6n9A2Q7Y6h6J7H6w9q3^3]1N9M3p7_5o3l2s7d6u5H8h4Z6e2a3Q8H4\\7t8_7n5C9t4q1H4f3S3z6O2r6H1v3&quot;,&quot;wwwwwOOOOmmmmmmOOOOOOOHHHHHgoooooonnnnnnnnnAAQQQQQQQYYYYYYhhhhhhJJJJJJJHHHHHHwwwwwwwwwqqq^^^]NNNNNNNNNMMMppppppp_____ooollsssssssdddddduuuuuHHHHHHHHhhhhZZZZZZeeaaaQQQQQQQQHHHH\\\\\\\\\\\\\\tttttttt_______nnnnnCCCCCCCCCttttqHHHHfffSSSzzzzzzOOrrrrrrHvvv&quot;)" methodname="ChallengeTestRandom" classname="Open_Lab_06._01.Tests" runstate="Runnable" seed="1130802591" result="Passed" start-time="2021-12-28 20:00:34Z" end-time="2021-12-28 20:00:34Z" duration="0.000185" asserts="1" />
            <test-case id="1050" name="ChallengeTestRandom(&quot;U1D1A3t7V1K1P3Y7M4Q2z3]2T7N6]8M4W1_4n9G2m5x3p5y8Y9v7e5A4_3t4`4^1s9u2J8a5A1\\8J7t9f5Z3]8W7W9[3R4y7m7h9v6p1H9Z9x8E3[6k4b3\\7m1]9z8k2o3v4&quot;,&quot;UDAAAtttttttVKPPPYYYYYYYMMMMQQzzz]]TTTTTTTNNNNNN]]]]]]]]MMMMW____nnnnnnnnnGGmmmmmxxxpppppyyyyyyyyYYYYYYYYYvvvvvvveeeeeAAAA___tttt````^sssssssssuuJJJJJJJJaaaaaA\\\\\\\\\\\\\\\\JJJJJJJtttttttttfffffZZZ]]]]]]]]WWWWWWWWWWWWWWWW[[[RRRRyyyyyyymmmmmmmhhhhhhhhhvvvvvvpHHHHHHHHHZZZZZZZZZxxxxxxxxEEE[[[[[[kkkkbbb\\\\\\\\\\\\\\m]]]]]]]]]zzzzzzzzkkooovvvv&quot;)" fullname="Open_Lab_06._01.Tests.ChallengeTestRandom(&quot;U1D1A3t7V1K1P3Y7M4Q2z3]2T7N6]8M4W1_4n9G2m5x3p5y8Y9v7e5A4_3t4`4^1s9u2J8a5A1\\8J7t9f5Z3]8W7W9[3R4y7m7h9v6p1H9Z9x8E3[6k4b3\\7m1]9z8k2o3v4&quot;,&quot;UDAAAtttttttVKPPPYYYYYYYMMMMQQzzz]]TTTTTTTNNNNNN]]]]]]]]MMMMW____nnnnnnnnnGGmmmmmxxxpppppyyyyyyyyYYYYYYYYYvvvvvvveeeeeAAAA___tttt````^sssssssssuuJJJJJJJJaaaaaA\\\\\\\\\\\\\\\\JJJJJJJtttttttttfffffZZZ]]]]]]]]WWWWWWWWWWWWWWWW[[[RRRRyyyyyyymmmmmmmhhhhhhhhhvvvvvvpHHHHHHHHHZZZZZZZZZxxxxxxxxEEE[[[[[[kkkkbbb\\\\\\\\\\\\\\m]]]]]]]]]zzzzzzzzkkooovvvv&quot;)" methodname="ChallengeTestRandom" classname="Open_Lab_06._01.Tests" runstate="Runnable" seed="2091269832" result="Passed" start-time="2021-12-28 20:00:34Z" end-time="2021-12-28 20:00:34Z" duration="0.000263" asserts="1" />
            <test-case id="1051" name="ChallengeTestRandom(&quot;N3a6[4c7`3E1s2u9h9D2c5z9x6z9J2N1u4N3K8H1&quot;,&quot;NNNaaaaaa[[[[ccccccc```EssuuuuuuuuuhhhhhhhhhDDccccczzzzzzzzzxxxxxxzzzzzzzzzJJNuuuuNNNKKKKKKKKH&quot;)" fullname="Open_Lab_06._01.Tests.ChallengeTestRandom(&quot;N3a6[4c7`3E1s2u9h9D2c5z9x6z9J2N1u4N3K8H1&quot;,&quot;NNNaaaaaa[[[[ccccccc```EssuuuuuuuuuhhhhhhhhhDDccccczzzzzzzzzxxxxxxzzzzzzzzzJJNuuuuNNNKKKKKKKKH&quot;)" methodname="ChallengeTestRandom" classname="Open_Lab_06._01.Tests" runstate="Runnable" seed="1036223038" result="Passed" start-time="2021-12-28 20:00:34Z" end-time="2021-12-28 20:00:34Z" duration="0.000118" asserts="1" />
            <test-case id="1052" name="ChallengeTestRandom(&quot;l9v2f4K2Q8a2g5&quot;,&quot;lllllllllvvffffKKQQQQQQQQaaggggg&quot;)" fullname="Open_Lab_06._01.Tests.ChallengeTestRandom(&quot;l9v2f4K2Q8a2g5&quot;,&quot;lllllllllvvffffKKQQQQQQQQaaggggg&quot;)" methodname="ChallengeTestRandom" classname="Open_Lab_06._01.Tests" runstate="Runnable" seed="1592024725" result="Passed" start-time="2021-12-28 20:00:34Z" end-time="2021-12-28 20:00:34Z" duration="0.000071" asserts="1" />
            <test-case id="1053" name="ChallengeTestRandom(&quot;c3\\9h5K4n5R7k6p1B8e1h8K1s3U8v8_7f3M9W2V6b5H7U7Z6\\7_3C8f8m5d2E8b3I2v1t8[6f4O2w9x5W3W6I6L7O8[7D2X5H3c1f3q6q8L2b8c7M3\\3v5y9s5c2I2R3l2q9r3&quot;,&quot;ccc\\\\\\\\\\\\\\\\\\hhhhhKKKKnnnnnRRRRRRRkkkkkkpBBBBBBBBehhhhhhhhKsssUUUUUUUUvvvvvvvv_______fffMMMMMMMMMWWVVVVVVbbbbbHHHHHHHUUUUUUUZZZZZZ\\\\\\\\\\\\\\___CCCCCCCCffffffffmmmmmddEEEEEEEEbbbIIvtttttttt[[[[[[ffffOOwwwwwwwwwxxxxxWWWWWWWWWIIIIIILLLLLLLOOOOOOOO[[[[[[[DDXXXXXHHHcfffqqqqqqqqqqqqqqLLbbbbbbbbcccccccMMM\\\\\\vvvvvyyyyyyyyysssssccIIRRRllqqqqqqqqqrrr&quot;)" fullname="Open_Lab_06._01.Tests.ChallengeTestRandom(&quot;c3\\9h5K4n5R7k6p1B8e1h8K1s3U8v8_7f3M9W2V6b5H7U7Z6\\7_3C8f8m5d2E8b3I2v1t8[6f4O2w9x5W3W6I6L7O8[7D2X5H3c1f3q6q8L2b8c7M3\\3v5y9s5c2I2R3l2q9r3&quot;,&quot;ccc\\\\\\\\\\\\\\\\\\hhhhhKKKKnnnnnRRRRRRRkkkkkkpBBBBBBBBehhhhhhhhKsssUUUUUUUUvvvvvvvv_______fffMMMMMMMMMWWVVVVVVbbbbbHHHHHHHUUUUUUUZZZZZZ\\\\\\\\\\\\\\___CCCCCCCCffffffffmmmmmddEEEEEEEEbbbIIvtttttttt[[[[[[ffffOOwwwwwwwwwxxxxxWWWWWWWWWIIIIIILLLLLLLOOOOOOOO[[[[[[[DDXXXXXHHHcfffqqqqqqqqqqqqqqLLbbbbbbbbcccccccMMM\\\\\\vvvvvyyyyyyyyysssssccIIRRRllqqqqqqqqqrrr&quot;)" methodname="ChallengeTestRandom" classname="Open_Lab_06._01.Tests" runstate="Runnable" seed="1514428766" result="Passed" start-time="2021-12-28 20:00:34Z" end-time="2021-12-28 20:00:34Z" duration="0.000261" asserts="1" />
            <test-case id="1054" name="ChallengeTestRandom(&quot;n6^8y8S5a2H1l9w1K4H1_4d1c7D8d2h8`5i6X6A2`9B9B2`3o1f6j8I3K8L8Y1d2X7[6T2x3B1s2y6i5S4S9L9l8]3]9x6a9Q4k3o4l4g5r6X6o5F7n8r5_6u6e2o4E4c2T5l6`3M3&quot;,&quot;nnnnnn^^^^^^^^yyyyyyyySSSSSaaHlllllllllwKKKKH____dcccccccDDDDDDDDddhhhhhhhh`````iiiiiiXXXXXXAA`````````BBBBBBBBBBB```offffffjjjjjjjjIIIKKKKKKKKLLLLLLLLYddXXXXXXX[[[[[[TTxxxBssyyyyyyiiiiiSSSSSSSSSSSSSLLLLLLLLLllllllll]]]]]]]]]]]]xxxxxxaaaaaaaaaQQQQkkkoooollllgggggrrrrrrXXXXXXoooooFFFFFFFnnnnnnnnrrrrr______uuuuuueeooooEEEEccTTTTTllllll```MMM&quot;)" fullname="Open_Lab_06._01.Tests.ChallengeTestRandom(&quot;n6^8y8S5a2H1l9w1K4H1_4d1c7D8d2h8`5i6X6A2`9B9B2`3o1f6j8I3K8L8Y1d2X7[6T2x3B1s2y6i5S4S9L9l8]3]9x6a9Q4k3o4l4g5r6X6o5F7n8r5_6u6e2o4E4c2T5l6`3M3&quot;,&quot;nnnnnn^^^^^^^^yyyyyyyySSSSSaaHlllllllllwKKKKH____dcccccccDDDDDDDDddhhhhhhhh`````iiiiiiXXXXXXAA`````````BBBBBBBBBBB```offffffjjjjjjjjIIIKKKKKKKKLLLLLLLLYddXXXXXXX[[[[[[TTxxxBssyyyyyyiiiiiSSSSSSSSSSSSSLLLLLLLLLllllllll]]]]]]]]]]]]xxxxxxaaaaaaaaaQQQQkkkoooollllgggggrrrrrrXXXXXXoooooFFFFFFFnnnnnnnnrrrrr______uuuuuueeooooEEEEccTTTTTllllll```MMM&quot;)" methodname="ChallengeTestRandom" classname="Open_Lab_06._01.Tests" runstate="Runnable" seed="135625260" result="Passed" start-time="2021-12-28 20:00:34Z" end-time="2021-12-28 20:00:34Z" duration="0.000279" asserts="1" />
            <test-case id="1055" name="ChallengeTestRandom(&quot;b3K9y8o1F5F2f5H8e5T8T7k5u9I2m9t3D3x3j7f3A3z8]1h9e8u8t1z1M1y2x8l8M7[8q4m5I3j1a5\\7]9R3X9U8T9[9S5V8C2o2_6C4E2x6V8\\5k5R1`7U8]4A5z9A3e3\\6v4X8M2r2r8d5[8m9a3c5&quot;,&quot;bbbKKKKKKKKKyyyyyyyyoFFFFFFFfffffHHHHHHHHeeeeeTTTTTTTTTTTTTTTkkkkkuuuuuuuuuIImmmmmmmmmtttDDDxxxjjjjjjjfffAAAzzzzzzzz]hhhhhhhhheeeeeeeeuuuuuuuutzMyyxxxxxxxxllllllllMMMMMMM[[[[[[[[qqqqmmmmmIIIjaaaaa\\\\\\\\\\\\\\]]]]]]]]]RRRXXXXXXXXXUUUUUUUUTTTTTTTTT[[[[[[[[[SSSSSVVVVVVVVCCoo______CCCCEExxxxxxVVVVVVVV\\\\\\\\\\kkkkkR```````UUUUUUUU]]]]AAAAAzzzzzzzzzAAAeee\\\\\\\\\\\\vvvvXXXXXXXXMMrrrrrrrrrrddddd[[[[[[[[mmmmmmmmmaaaccccc&quot;)" fullname="Open_Lab_06._01.Tests.ChallengeTestRandom(&quot;b3K9y8o1F5F2f5H8e5T8T7k5u9I2m9t3D3x3j7f3A3z8]1h9e8u8t1z1M1y2x8l8M7[8q4m5I3j1a5\\7]9R3X9U8T9[9S5V8C2o2_6C4E2x6V8\\5k5R1`7U8]4A5z9A3e3\\6v4X8M2r2r8d5[8m9a3c5&quot;,&quot;bbbKKKKKKKKKyyyyyyyyoFFFFFFFfffffHHHHHHHHeeeeeTTTTTTTTTTTTTTTkkkkkuuuuuuuuuIImmmmmmmmmtttDDDxxxjjjjjjjfffAAAzzzzzzzz]hhhhhhhhheeeeeeeeuuuuuuuutzMyyxxxxxxxxllllllllMMMMMMM[[[[[[[[qqqqmmmmmIIIjaaaaa\\\\\\\\\\\\\\]]]]]]]]]RRRXXXXXXXXXUUUUUUUUTTTTTTTTT[[[[[[[[[SSSSSVVVVVVVVCCoo______CCCCEExxxxxxVVVVVVVV\\\\\\\\\\kkkkkR```````UUUUUUUU]]]]AAAAAzzzzzzzzzAAAeee\\\\\\\\\\\\vvvvXXXXXXXXMMrrrrrrrrrrddddd[[[[[[[[mmmmmmmmmaaaccccc&quot;)" methodname="ChallengeTestRandom" classname="Open_Lab_06._01.Tests" runstate="Runnable" seed="2125768203" result="Passed" start-time="2021-12-28 20:00:34Z" end-time="2021-12-28 20:00:34Z" duration="0.000390" asserts="1" />
            <test-case id="1056" name="ChallengeTestRandom(&quot;V8C2I4p2g6n3H9t6J6Y5_9A6H8C5k5x7O9`5U7E5&quot;,&quot;VVVVVVVVCCIIIIppggggggnnnHHHHHHHHHttttttJJJJJJYYYYY_________AAAAAAHHHHHHHHCCCCCkkkkkxxxxxxxOOOOOOOOO`````UUUUUUUEEEEE&quot;)" fullname="Open_Lab_06._01.Tests.ChallengeTestRandom(&quot;V8C2I4p2g6n3H9t6J6Y5_9A6H8C5k5x7O9`5U7E5&quot;,&quot;VVVVVVVVCCIIIIppggggggnnnHHHHHHHHHttttttJJJJJJYYYYY_________AAAAAAHHHHHHHHCCCCCkkkkkxxxxxxxOOOOOOOOO`````UUUUUUUEEEEE&quot;)" methodname="ChallengeTestRandom" classname="Open_Lab_06._01.Tests" runstate="Runnable" seed="1105320595" result="Passed" start-time="2021-12-28 20:00:34Z" end-time="2021-12-28 20:00:34Z" duration="0.000120" asserts="1" />
            <test-case id="1057" name="ChallengeTestRandom(&quot;P1O2t8V3e8L4N2p4I2h2T2w8p3f7L1V3\\4O9m4O1h2G6l3A8k2M6X6i8O4A9g2h3B3j8F3U4x1Z6j7_6j1S5E6z8O6H8D8[1w4Q8F9C7N3e2V8j9Z6Z9A2O1p3C1R3B5F8m1T9v6\\9V1I9Q2G3V5g1V3_8G1h1y8F7l7M3Q7D8h5i9G3n7J8J8L9i8X9\\2&quot;,&quot;POOttttttttVVVeeeeeeeeLLLLNNppppIIhhTTwwwwwwwwpppfffffffLVVV\\\\\\\\OOOOOOOOOmmmmOhhGGGGGGlllAAAAAAAAkkMMMMMMXXXXXXiiiiiiiiOOOOAAAAAAAAAgghhhBBBjjjjjjjjFFFUUUUxZZZZZZjjjjjjj______jSSSSSEEEEEEzzzzzzzzOOOOOOHHHHHHHHDDDDDDDD[wwwwQQQQQQQQFFFFFFFFFCCCCCCCNNNeeVVVVVVVVjjjjjjjjjZZZZZZZZZZZZZZZAAOpppCRRRBBBBBFFFFFFFFmTTTTTTTTTvvvvvv\\\\\\\\\\\\\\\\\\VIIIIIIIIIQQGGGVVVVVgVVV________GhyyyyyyyyFFFFFFFlllllllMMMQQQQQQQDDDDDDDDhhhhhiiiiiiiiiGGGnnnnnnnJJJJJJJJJJJJJJJJLLLLLLLLLiiiiiiiiXXXXXXXXX\\\\&quot;)" fullname="Open_Lab_06._01.Tests.ChallengeTestRandom(&quot;P1O2t8V3e8L4N2p4I2h2T2w8p3f7L1V3\\4O9m4O1h2G6l3A8k2M6X6i8O4A9g2h3B3j8F3U4x1Z6j7_6j1S5E6z8O6H8D8[1w4Q8F9C7N3e2V8j9Z6Z9A2O1p3C1R3B5F8m1T9v6\\9V1I9Q2G3V5g1V3_8G1h1y8F7l7M3Q7D8h5i9G3n7J8J8L9i8X9\\2&quot;,&quot;POOttttttttVVVeeeeeeeeLLLLNNppppIIhhTTwwwwwwwwpppfffffffLVVV\\\\\\\\OOOOOOOOOmmmmOhhGGGGGGlllAAAAAAAAkkMMMMMMXXXXXXiiiiiiiiOOOOAAAAAAAAAgghhhBBBjjjjjjjjFFFUUUUxZZZZZZjjjjjjj______jSSSSSEEEEEEzzzzzzzzOOOOOOHHHHHHHHDDDDDDDD[wwwwQQQQQQQQFFFFFFFFFCCCCCCCNNNeeVVVVVVVVjjjjjjjjjZZZZZZZZZZZZZZZAAOpppCRRRBBBBBFFFFFFFFmTTTTTTTTTvvvvvv\\\\\\\\\\\\\\\\\\VIIIIIIIIIQQGGGVVVVVgVVV________GhyyyyyyyyFFFFFFFlllllllMMMQQQQQQQDDDDDDDDhhhhhiiiiiiiiiGGGnnnnnnnJJJJJJJJJJJJJJJJLLLLLLLLLiiiiiiiiXXXXXXXXX\\\\&quot;)" methodname="ChallengeTestRandom" classname="Open_Lab_06._01.Tests" runstate="Runnable" seed="1040934539" result="Passed" start-time="2021-12-28 20:00:34Z" end-time="2021-12-28 20:00:34Z" duration="0.010675" asserts="1" />
            <test-case id="1058" name="ChallengeTestRandom(&quot;i3h1V8y4T1_2M1X6O2Z9t3K6I5x6S6z4J4y2B9k4o3p7e6z9R2J7C4X6s1k2[8j4M9r2g1J5M8[2o2v6b2Q8L6S6k5C9h9p9B4U8E5]9a8I3K8P3L3N5F6m2q6S3Z7I3U3F1O9H5R6A5]8U4e5h7h2S2E9e7d7V7K3`8K2A3W7V6H6F7&quot;,&quot;iiihVVVVVVVVyyyyT__MXXXXXXOOZZZZZZZZZtttKKKKKKIIIIIxxxxxxSSSSSSzzzzJJJJyyBBBBBBBBBkkkkooopppppppeeeeeezzzzzzzzzRRJJJJJJJCCCCXXXXXXskk[[[[[[[[jjjjMMMMMMMMMrrgJJJJJMMMMMMMM[[oovvvvvvbbQQQQQQQQLLLLLLSSSSSSkkkkkCCCCCCCCChhhhhhhhhpppppppppBBBBUUUUUUUUEEEEE]]]]]]]]]aaaaaaaaIIIKKKKKKKKPPPLLLNNNNNFFFFFFmmqqqqqqSSSZZZZZZZIIIUUUFOOOOOOOOOHHHHHRRRRRRAAAAA]]]]]]]]UUUUeeeeehhhhhhhhhSSEEEEEEEEEeeeeeeedddddddVVVVVVVKKK````````KKAAAWWWWWWWVVVVVVHHHHHHFFFFFFF&quot;)" fullname="Open_Lab_06._01.Tests.ChallengeTestRandom(&quot;i3h1V8y4T1_2M1X6O2Z9t3K6I5x6S6z4J4y2B9k4o3p7e6z9R2J7C4X6s1k2[8j4M9r2g1J5M8[2o2v6b2Q8L6S6k5C9h9p9B4U8E5]9a8I3K8P3L3N5F6m2q6S3Z7I3U3F1O9H5R6A5]8U4e5h7h2S2E9e7d7V7K3`8K2A3W7V6H6F7&quot;,&quot;iiihVVVVVVVVyyyyT__MXXXXXXOOZZZZZZZZZtttKKKKKKIIIIIxxxxxxSSSSSSzzzzJJJJyyBBBBBBBBBkkkkooopppppppeeeeeezzzzzzzzzRRJJJJJJJCCCCXXXXXXskk[[[[[[[[jjjjMMMMMMMMMrrgJJJJJMMMMMMMM[[oovvvvvvbbQQQQQQQQLLLLLLSSSSSSkkkkkCCCCCCCCChhhhhhhhhpppppppppBBBBUUUUUUUUEEEEE]]]]]]]]]aaaaaaaaIIIKKKKKKKKPPPLLLNNNNNFFFFFFmmqqqqqqSSSZZZZZZZIIIUUUFOOOOOOOOOHHHHHRRRRRRAAAAA]]]]]]]]UUUUeeeeehhhhhhhhhSSEEEEEEEEEeeeeeeedddddddVVVVVVVKKK````````KKAAAWWWWWWWVVVVVVHHHHHHFFFFFFF&quot;)" methodname="ChallengeTestRandom" classname="Open_Lab_06._01.Tests" runstate="Runnable" seed="1895154839" result="Passed" start-time="2021-12-28 20:00:34Z" end-time="2021-12-28 20:00:34Z" duration="0.000455" asserts="1" />
            <test-case id="1059" name="ChallengeTestRandom(&quot;s9g2y6L6L7]9V8a1j1e7M9S3v7F8h7J7N7l8j6M7T3y4_4B9p5X5[2m5p6f9^2D4j4b8R6V2&quot;,&quot;sssssssssggyyyyyyLLLLLLLLLLLLL]]]]]]]]]VVVVVVVVajeeeeeeeMMMMMMMMMSSSvvvvvvvFFFFFFFFhhhhhhhJJJJJJJNNNNNNNlllllllljjjjjjMMMMMMMTTTyyyy____BBBBBBBBBpppppXXXXX[[mmmmmppppppfffffffff^^DDDDjjjjbbbbbbbbRRRRRRVV&quot;)" fullname="Open_Lab_06._01.Tests.ChallengeTestRandom(&quot;s9g2y6L6L7]9V8a1j1e7M9S3v7F8h7J7N7l8j6M7T3y4_4B9p5X5[2m5p6f9^2D4j4b8R6V2&quot;,&quot;sssssssssggyyyyyyLLLLLLLLLLLLL]]]]]]]]]VVVVVVVVajeeeeeeeMMMMMMMMMSSSvvvvvvvFFFFFFFFhhhhhhhJJJJJJJNNNNNNNlllllllljjjjjjMMMMMMMTTTyyyy____BBBBBBBBBpppppXXXXX[[mmmmmppppppfffffffff^^DDDDjjjjbbbbbbbbRRRRRRVV&quot;)" methodname="ChallengeTestRandom" classname="Open_Lab_06._01.Tests" runstate="Runnable" seed="272940046" result="Passed" start-time="2021-12-28 20:00:34Z" end-time="2021-12-28 20:00:34Z" duration="0.000216" asserts="1" />
            <test-case id="1060" name="ChallengeTestRandom(&quot;V5o6u3z3`7G9x4l3J1o8B1u7`4k7[4r3X2E7x9v3g6y4w5m1p6H5a2Z9g6n5^2R6F3y9I2E8r9X2l6X4v5`2H9d7R5O4\\5I7H1V7F1Z6[1S3_4t8D3Q3D4I4S4u5a7Y6z2[4D1W4j4[5U9w2a5Y1Y2z8a7h9g6Z7o8Z2W2K8v7f9v5E3`2I4J5j3U2]7j1h8G9G6m2D7q7N7I1&quot;,&quot;VVVVVoooooouuuzzz```````GGGGGGGGGxxxxlllJooooooooBuuuuuuu````kkkkkkk[[[[rrrXXEEEEEEExxxxxxxxxvvvggggggyyyywwwwwmppppppHHHHHaaZZZZZZZZZggggggnnnnn^^RRRRRRFFFyyyyyyyyyIIEEEEEEEErrrrrrrrrXXllllllXXXXvvvvv``HHHHHHHHHdddddddRRRRROOOO\\\\\\\\\\IIIIIIIHVVVVVVVFZZZZZZ[SSS____ttttttttDDDQQQDDDDIIIISSSSuuuuuaaaaaaaYYYYYYzz[[[[DWWWWjjjj[[[[[UUUUUUUUUwwaaaaaYYYzzzzzzzzaaaaaaahhhhhhhhhggggggZZZZZZZooooooooZZWWKKKKKKKKvvvvvvvfffffffffvvvvvEEE``IIIIJJJJJjjjUU]]]]]]]jhhhhhhhhGGGGGGGGGGGGGGGmmDDDDDDDqqqqqqqNNNNNNNI&quot;)" fullname="Open_Lab_06._01.Tests.ChallengeTestRandom(&quot;V5o6u3z3`7G9x4l3J1o8B1u7`4k7[4r3X2E7x9v3g6y4w5m1p6H5a2Z9g6n5^2R6F3y9I2E8r9X2l6X4v5`2H9d7R5O4\\5I7H1V7F1Z6[1S3_4t8D3Q3D4I4S4u5a7Y6z2[4D1W4j4[5U9w2a5Y1Y2z8a7h9g6Z7o8Z2W2K8v7f9v5E3`2I4J5j3U2]7j1h8G9G6m2D7q7N7I1&quot;,&quot;VVVVVoooooouuuzzz```````GGGGGGGGGxxxxlllJooooooooBuuuuuuu````kkkkkkk[[[[rrrXXEEEEEEExxxxxxxxxvvvggggggyyyywwwwwmppppppHHHHHaaZZZZZZZZZggggggnnnnn^^RRRRRRFFFyyyyyyyyyIIEEEEEEEErrrrrrrrrXXllllllXXXXvvvvv``HHHHHHHHHdddddddRRRRROOOO\\\\\\\\\\IIIIIIIHVVVVVVVFZZZZZZ[SSS____ttttttttDDDQQQDDDDIIIISSSSuuuuuaaaaaaaYYYYYYzz[[[[DWWWWjjjj[[[[[UUUUUUUUUwwaaaaaYYYzzzzzzzzaaaaaaahhhhhhhhhggggggZZZZZZZooooooooZZWWKKKKKKKKvvvvvvvfffffffffvvvvvEEE``IIIIJJJJJjjjUU]]]]]]]jhhhhhhhhGGGGGGGGGGGGGGGmmDDDDDDDqqqqqqqNNNNNNNI&quot;)" methodname="ChallengeTestRandom" classname="Open_Lab_06._01.Tests" runstate="Runnable" seed="2062055675" result="Passed" start-time="2021-12-28 20:00:34Z" end-time="2021-12-28 20:00:34Z" duration="0.000272" asserts="1" />
            <test-case id="1061" name="ChallengeTestRandom(&quot;S8`8N1t6_7N5i8E3I9g3T4u2n4Y4X7M1t1K8J3[7M4b8_7V9l4F8\\3^1y2P2J8R2O5v2I8n8n4L3`5r2A8y1v6b9U8O9\\8&quot;,&quot;SSSSSSSS````````Ntttttt_______NNNNNiiiiiiiiEEEIIIIIIIIIgggTTTTuunnnnYYYYXXXXXXXMtKKKKKKKKJJJ[[[[[[[MMMMbbbbbbbb_______VVVVVVVVVllllFFFFFFFF\\\\\\^yyPPJJJJJJJJRROOOOOvvIIIIIIIInnnnnnnnnnnnLLL`````rrAAAAAAAAyvvvvvvbbbbbbbbbUUUUUUUUOOOOOOOOO\\\\\\\\\\\\\\\\&quot;)" fullname="Open_Lab_06._01.Tests.ChallengeTestRandom(&quot;S8`8N1t6_7N5i8E3I9g3T4u2n4Y4X7M1t1K8J3[7M4b8_7V9l4F8\\3^1y2P2J8R2O5v2I8n8n4L3`5r2A8y1v6b9U8O9\\8&quot;,&quot;SSSSSSSS````````Ntttttt_______NNNNNiiiiiiiiEEEIIIIIIIIIgggTTTTuunnnnYYYYXXXXXXXMtKKKKKKKKJJJ[[[[[[[MMMMbbbbbbbb_______VVVVVVVVVllllFFFFFFFF\\\\\\^yyPPJJJJJJJJRROOOOOvvIIIIIIIInnnnnnnnnnnnLLL`````rrAAAAAAAAyvvvvvvbbbbbbbbbUUUUUUUUOOOOOOOOO\\\\\\\\\\\\\\\\&quot;)" methodname="ChallengeTestRandom" classname="Open_Lab_06._01.Tests" runstate="Runnable" seed="1122123990" result="Passed" start-time="2021-12-28 20:00:34Z" end-time="2021-12-28 20:00:34Z" duration="0.000166" asserts="1" />
            <test-case id="1062" name="ChallengeTestRandom(&quot;B3E6U5_1u3i1M5D8n6[3H8j2R6G6I5n6K9J1\\8^7]8D8N6V5Q9[4B7H7s8I5u7G1O3S7i2I2p1U6I4T2N8M2H8v2t4A4b9s7h5S7I5N2M1q4Y4h7I7^3p7K3q2R4&quot;,&quot;BBBEEEEEEUUUUU_uuuiMMMMMDDDDDDDDnnnnnn[[[HHHHHHHHjjRRRRRRGGGGGGIIIIInnnnnnKKKKKKKKKJ\\\\\\\\\\\\\\\\^^^^^^^]]]]]]]]DDDDDDDDNNNNNNVVVVVQQQQQQQQQ[[[[BBBBBBBHHHHHHHssssssssIIIIIuuuuuuuGOOOSSSSSSSiiIIpUUUUUUIIIITTNNNNNNNNMMHHHHHHHHvvttttAAAAbbbbbbbbbssssssshhhhhSSSSSSSIIIIINNMqqqqYYYYhhhhhhhIIIIIII^^^pppppppKKKqqRRRR&quot;)" fullname="Open_Lab_06._01.Tests.ChallengeTestRandom(&quot;B3E6U5_1u3i1M5D8n6[3H8j2R6G6I5n6K9J1\\8^7]8D8N6V5Q9[4B7H7s8I5u7G1O3S7i2I2p1U6I4T2N8M2H8v2t4A4b9s7h5S7I5N2M1q4Y4h7I7^3p7K3q2R4&quot;,&quot;BBBEEEEEEUUUUU_uuuiMMMMMDDDDDDDDnnnnnn[[[HHHHHHHHjjRRRRRRGGGGGGIIIIInnnnnnKKKKKKKKKJ\\\\\\\\\\\\\\\\^^^^^^^]]]]]]]]DDDDDDDDNNNNNNVVVVVQQQQQQQQQ[[[[BBBBBBBHHHHHHHssssssssIIIIIuuuuuuuGOOOSSSSSSSiiIIpUUUUUUIIIITTNNNNNNNNMMHHHHHHHHvvttttAAAAbbbbbbbbbssssssshhhhhSSSSSSSIIIIINNMqqqqYYYYhhhhhhhIIIIIII^^^pppppppKKKqqRRRR&quot;)" methodname="ChallengeTestRandom" classname="Open_Lab_06._01.Tests" runstate="Runnable" seed="576119512" result="Passed" start-time="2021-12-28 20:00:34Z" end-time="2021-12-28 20:00:34Z" duration="0.000170" asserts="1" />
            <test-case id="1063" name="ChallengeTestRandom(&quot;J2E5t8W7r8D7G9k6a3G9R6Q8H3U6L6O6s8C9m9`6Q1Q8[6i8[7P8K9t7L3&quot;,&quot;JJEEEEEttttttttWWWWWWWrrrrrrrrDDDDDDDGGGGGGGGGkkkkkkaaaGGGGGGGGGRRRRRRQQQQQQQQHHHUUUUUULLLLLLOOOOOOssssssssCCCCCCCCCmmmmmmmmm``````QQQQQQQQQ[[[[[[iiiiiiii[[[[[[[PPPPPPPPKKKKKKKKKtttttttLLL&quot;)" fullname="Open_Lab_06._01.Tests.ChallengeTestRandom(&quot;J2E5t8W7r8D7G9k6a3G9R6Q8H3U6L6O6s8C9m9`6Q1Q8[6i8[7P8K9t7L3&quot;,&quot;JJEEEEEttttttttWWWWWWWrrrrrrrrDDDDDDDGGGGGGGGGkkkkkkaaaGGGGGGGGGRRRRRRQQQQQQQQHHHUUUUUULLLLLLOOOOOOssssssssCCCCCCCCCmmmmmmmmm``````QQQQQQQQQ[[[[[[iiiiiiii[[[[[[[PPPPPPPPKKKKKKKKKtttttttLLL&quot;)" methodname="ChallengeTestRandom" classname="Open_Lab_06._01.Tests" runstate="Runnable" seed="252282028" result="Passed" start-time="2021-12-28 20:00:34Z" end-time="2021-12-28 20:00:34Z" duration="0.000137" asserts="1" />
            <test-case id="1064" name="ChallengeTestRandom(&quot;N6q3M6L5L1p5z5A5Y4h5S8c9T1T4J7j1w7S9[8E3O2^7f3Q4K5\\4^7T1k3R7H8t5o2a1H1v3\\2`5[5Z4F9]8b8L9c9D1w7A3t7Y4n6T3X9R3]9p8Q4j3B3b1t8[6K1N2`2h8w1L8_8Y5f3Y3M8Y7`6i7m8g6m2m3D2X1G6Z7G1&quot;,&quot;NNNNNNqqqMMMMMMLLLLLLpppppzzzzzAAAAAYYYYhhhhhSSSSSSSScccccccccTTTTTJJJJJJJjwwwwwwwSSSSSSSSS[[[[[[[[EEEOO^^^^^^^fffQQQQKKKKK\\\\\\\\^^^^^^^TkkkRRRRRRRHHHHHHHHtttttooaHvvv\\\\`````[[[[[ZZZZFFFFFFFFF]]]]]]]]bbbbbbbbLLLLLLLLLcccccccccDwwwwwwwAAAtttttttYYYYnnnnnnTTTXXXXXXXXXRRR]]]]]]]]]ppppppppQQQQjjjBBBbtttttttt[[[[[[KNN``hhhhhhhhwLLLLLLLL________YYYYYfffYYYMMMMMMMMYYYYYYY``````iiiiiiimmmmmmmmggggggmmmmmDDXGGGGGGZZZZZZZG&quot;)" fullname="Open_Lab_06._01.Tests.ChallengeTestRandom(&quot;N6q3M6L5L1p5z5A5Y4h5S8c9T1T4J7j1w7S9[8E3O2^7f3Q4K5\\4^7T1k3R7H8t5o2a1H1v3\\2`5[5Z4F9]8b8L9c9D1w7A3t7Y4n6T3X9R3]9p8Q4j3B3b1t8[6K1N2`2h8w1L8_8Y5f3Y3M8Y7`6i7m8g6m2m3D2X1G6Z7G1&quot;,&quot;NNNNNNqqqMMMMMMLLLLLLpppppzzzzzAAAAAYYYYhhhhhSSSSSSSScccccccccTTTTTJJJJJJJjwwwwwwwSSSSSSSSS[[[[[[[[EEEOO^^^^^^^fffQQQQKKKKK\\\\\\\\^^^^^^^TkkkRRRRRRRHHHHHHHHtttttooaHvvv\\\\`````[[[[[ZZZZFFFFFFFFF]]]]]]]]bbbbbbbbLLLLLLLLLcccccccccDwwwwwwwAAAtttttttYYYYnnnnnnTTTXXXXXXXXXRRR]]]]]]]]]ppppppppQQQQjjjBBBbtttttttt[[[[[[KNN``hhhhhhhhwLLLLLLLL________YYYYYfffYYYMMMMMMMMYYYYYYY``````iiiiiiimmmmmmmmggggggmmmmmDDXGGGGGGZZZZZZZG&quot;)" methodname="ChallengeTestRandom" classname="Open_Lab_06._01.Tests" runstate="Runnable" seed="117825547" result="Passed" start-time="2021-12-28 20:00:34Z" end-time="2021-12-28 20:00:34Z" duration="0.000294" asserts="1" />
            <test-case id="1065" name="ChallengeTestRandom(&quot;\\7R6e3e3]8c8o7r2V4D2R1M7a2l8]7A3h5M1\\2B4H9Q4[4d4P5D4C2Z7Y7g1\\8W9n3z1v8s6K1x2]9l8N2[2L2]8b9n5h4Y3y2e1Y4e8^6z1n8M5S6a5\\3C3b9M1t4V5k9y7K5k4c4c8q2J6R1D2g2k2z7o7c4k2f1I1_1X7m9g2g6G8t9F2Y7Q1&quot;,&quot;\\\\\\\\\\\\\\RRRRRReeeeee]]]]]]]]ccccccccooooooorrVVVVDDRMMMMMMMaallllllll]]]]]]]AAAhhhhhM\\\\BBBBHHHHHHHHHQQQQ[[[[ddddPPPPPDDDDCCZZZZZZZYYYYYYYg\\\\\\\\\\\\\\\\WWWWWWWWWnnnzvvvvvvvvssssssKxx]]]]]]]]]llllllllNN[[LL]]]]]]]]bbbbbbbbbnnnnnhhhhYYYyyeYYYYeeeeeeee^^^^^^znnnnnnnnMMMMMSSSSSSaaaaa\\\\\\CCCbbbbbbbbbMttttVVVVVkkkkkkkkkyyyyyyyKKKKKkkkkccccccccccccqqJJJJJJRDDggkkzzzzzzzooooooocccckkfI_XXXXXXXmmmmmmmmmggggggggGGGGGGGGtttttttttFFYYYYYYYQ&quot;)" fullname="Open_Lab_06._01.Tests.ChallengeTestRandom(&quot;\\7R6e3e3]8c8o7r2V4D2R1M7a2l8]7A3h5M1\\2B4H9Q4[4d4P5D4C2Z7Y7g1\\8W9n3z1v8s6K1x2]9l8N2[2L2]8b9n5h4Y3y2e1Y4e8^6z1n8M5S6a5\\3C3b9M1t4V5k9y7K5k4c4c8q2J6R1D2g2k2z7o7c4k2f1I1_1X7m9g2g6G8t9F2Y7Q1&quot;,&quot;\\\\\\\\\\\\\\RRRRRReeeeee]]]]]]]]ccccccccooooooorrVVVVDDRMMMMMMMaallllllll]]]]]]]AAAhhhhhM\\\\BBBBHHHHHHHHHQQQQ[[[[ddddPPPPPDDDDCCZZZZZZZYYYYYYYg\\\\\\\\\\\\\\\\WWWWWWWWWnnnzvvvvvvvvssssssKxx]]]]]]]]]llllllllNN[[LL]]]]]]]]bbbbbbbbbnnnnnhhhhYYYyyeYYYYeeeeeeee^^^^^^znnnnnnnnMMMMMSSSSSSaaaaa\\\\\\CCCbbbbbbbbbMttttVVVVVkkkkkkkkkyyyyyyyKKKKKkkkkccccccccccccqqJJJJJJRDDggkkzzzzzzzooooooocccckkfI_XXXXXXXmmmmmmmmmggggggggGGGGGGGGtttttttttFFYYYYYYYQ&quot;)" methodname="ChallengeTestRandom" classname="Open_Lab_06._01.Tests" runstate="Runnable" seed="497904572" result="Passed" start-time="2021-12-28 20:00:34Z" end-time="2021-12-28 20:00:34Z" duration="0.000239" asserts="1" />
            <test-case id="1066" name="ChallengeTestRandom(&quot;O1^5V6V8a2n5H5`5G7_4G5I1r6Z5B2Z6b7P1u3W4Q3G5T3l5a6S9l8u1S2j9W9F3G9u1Q2s3A7M2w6N8j4a8R1A6G5z1h9u5X1L2b3S6E3o6q5Q3j5J4h5g1A5z4O2C2&quot;,&quot;O^^^^^VVVVVVVVVVVVVVaannnnnHHHHH`````GGGGGGG____GGGGGIrrrrrrZZZZZBBZZZZZZbbbbbbbPuuuWWWWQQQGGGGGTTTlllllaaaaaaSSSSSSSSSlllllllluSSjjjjjjjjjWWWWWWWWWFFFGGGGGGGGGuQQsssAAAAAAAMMwwwwwwNNNNNNNNjjjjaaaaaaaaRAAAAAAGGGGGzhhhhhhhhhuuuuuXLLbbbSSSSSSEEEooooooqqqqqQQQjjjjjJJJJhhhhhgAAAAAzzzzOOCC&quot;)" fullname="Open_Lab_06._01.Tests.ChallengeTestRandom(&quot;O1^5V6V8a2n5H5`5G7_4G5I1r6Z5B2Z6b7P1u3W4Q3G5T3l5a6S9l8u1S2j9W9F3G9u1Q2s3A7M2w6N8j4a8R1A6G5z1h9u5X1L2b3S6E3o6q5Q3j5J4h5g1A5z4O2C2&quot;,&quot;O^^^^^VVVVVVVVVVVVVVaannnnnHHHHH`````GGGGGGG____GGGGGIrrrrrrZZZZZBBZZZZZZbbbbbbbPuuuWWWWQQQGGGGGTTTlllllaaaaaaSSSSSSSSSlllllllluSSjjjjjjjjjWWWWWWWWWFFFGGGGGGGGGuQQsssAAAAAAAMMwwwwwwNNNNNNNNjjjjaaaaaaaaRAAAAAAGGGGGzhhhhhhhhhuuuuuXLLbbbSSSSSSEEEooooooqqqqqQQQjjjjjJJJJhhhhhgAAAAAzzzzOOCC&quot;)" methodname="ChallengeTestRandom" classname="Open_Lab_06._01.Tests" runstate="Runnable" seed="875494919" result="Passed" start-time="2021-12-28 20:00:34Z" end-time="2021-12-28 20:00:34Z" duration="0.000168" asserts="1" />
            <test-case id="1067" name="ChallengeTestRandom(&quot;L3n2v6E8O5i1\\8q7^8T3V3V4i5L3F6J1R6e3]1n8F5Z1y1_7J7l4i7w2q8v3c6Z4q2^2C3Q7Z6N8u4_4n1\\5R6s5Q2N8v2x2a6J3J8f3J4M1v9x6&quot;,&quot;LLLnnvvvvvvEEEEEEEEOOOOOi\\\\\\\\\\\\\\\\qqqqqqq^^^^^^^^TTTVVVVVVViiiiiLLLFFFFFFJRRRRRReee]nnnnnnnnFFFFFZy_______JJJJJJJlllliiiiiiiwwqqqqqqqqvvvccccccZZZZqq^^CCCQQQQQQQZZZZZZNNNNNNNNuuuu____n\\\\\\\\\\RRRRRRsssssQQNNNNNNNNvvxxaaaaaaJJJJJJJJJJJfffJJJJMvvvvvvvvvxxxxxx&quot;)" fullname="Open_Lab_06._01.Tests.ChallengeTestRandom(&quot;L3n2v6E8O5i1\\8q7^8T3V3V4i5L3F6J1R6e3]1n8F5Z1y1_7J7l4i7w2q8v3c6Z4q2^2C3Q7Z6N8u4_4n1\\5R6s5Q2N8v2x2a6J3J8f3J4M1v9x6&quot;,&quot;LLLnnvvvvvvEEEEEEEEOOOOOi\\\\\\\\\\\\\\\\qqqqqqq^^^^^^^^TTTVVVVVVViiiiiLLLFFFFFFJRRRRRReee]nnnnnnnnFFFFFZy_______JJJJJJJlllliiiiiiiwwqqqqqqqqvvvccccccZZZZqq^^CCCQQQQQQQZZZZZZNNNNNNNNuuuu____n\\\\\\\\\\RRRRRRsssssQQNNNNNNNNvvxxaaaaaaJJJJJJJJJJJfffJJJJMvvvvvvvvvxxxxxx&quot;)" methodname="ChallengeTestRandom" classname="Open_Lab_06._01.Tests" runstate="Runnable" seed="528194114" result="Passed" start-time="2021-12-28 20:00:34Z" end-time="2021-12-28 20:00:34Z" duration="0.000155" asserts="1" />
            <test-case id="1068" name="ChallengeTestRandom(&quot;t8G8o9U9V3P9F5P7b8h8h2_8E8M5x3i2l8B4q4m7p4o6W3E8x4U1Q8F3R1s3h3R1P2n4i7z9C8V3E1[3Y2S8s8`9S5C1q5&quot;,&quot;ttttttttGGGGGGGGoooooooooUUUUUUUUUVVVPPPPPPPPPFFFFFPPPPPPPbbbbbbbbhhhhhhhhhh________EEEEEEEEMMMMMxxxiillllllllBBBBqqqqmmmmmmmppppooooooWWWEEEEEEEExxxxUQQQQQQQQFFFRssshhhRPPnnnniiiiiiizzzzzzzzzCCCCCCCCVVVE[[[YYSSSSSSSSssssssss`````````SSSSSCqqqqq&quot;)" fullname="Open_Lab_06._01.Tests.ChallengeTestRandom(&quot;t8G8o9U9V3P9F5P7b8h8h2_8E8M5x3i2l8B4q4m7p4o6W3E8x4U1Q8F3R1s3h3R1P2n4i7z9C8V3E1[3Y2S8s8`9S5C1q5&quot;,&quot;ttttttttGGGGGGGGoooooooooUUUUUUUUUVVVPPPPPPPPPFFFFFPPPPPPPbbbbbbbbhhhhhhhhhh________EEEEEEEEMMMMMxxxiillllllllBBBBqqqqmmmmmmmppppooooooWWWEEEEEEEExxxxUQQQQQQQQFFFRssshhhRPPnnnniiiiiiizzzzzzzzzCCCCCCCCVVVE[[[YYSSSSSSSSssssssss`````````SSSSSCqqqqq&quot;)" methodname="ChallengeTestRandom" classname="Open_Lab_06._01.Tests" runstate="Runnable" seed="172310565" result="Passed" start-time="2021-12-28 20:00:34Z" end-time="2021-12-28 20:00:34Z" duration="0.000181" asserts="1" />
            <test-case id="1069" name="ChallengeTestRandom(&quot;l6f3w1X1B7]1x7A9E9g8q8Y7U3T9h4Z8b1d6Y8^3B2Q2W8c2S5y1K7p6r9g4k1z1f2J5S3_2S8s5[7t6Q2C8v6r7q1y6a1W4J4&quot;,&quot;llllllfffwXBBBBBBB]xxxxxxxAAAAAAAAAEEEEEEEEEggggggggqqqqqqqqYYYYYYYUUUTTTTTTTTThhhhZZZZZZZZbddddddYYYYYYYY^^^BBQQWWWWWWWWccSSSSSyKKKKKKKpppppprrrrrrrrrggggkzffJJJJJSSS__SSSSSSSSsssss[[[[[[[ttttttQQCCCCCCCCvvvvvvrrrrrrrqyyyyyyaWWWWJJJJ&quot;)" fullname="Open_Lab_06._01.Tests.ChallengeTestRandom(&quot;l6f3w1X1B7]1x7A9E9g8q8Y7U3T9h4Z8b1d6Y8^3B2Q2W8c2S5y1K7p6r9g4k1z1f2J5S3_2S8s5[7t6Q2C8v6r7q1y6a1W4J4&quot;,&quot;llllllfffwXBBBBBBB]xxxxxxxAAAAAAAAAEEEEEEEEEggggggggqqqqqqqqYYYYYYYUUUTTTTTTTTThhhhZZZZZZZZbddddddYYYYYYYY^^^BBQQWWWWWWWWccSSSSSyKKKKKKKpppppprrrrrrrrrggggkzffJJJJJSSS__SSSSSSSSsssss[[[[[[[ttttttQQCCCCCCCCvvvvvvrrrrrrrqyyyyyyaWWWWJJJJ&quot;)" methodname="ChallengeTestRandom" classname="Open_Lab_06._01.Tests" runstate="Runnable" seed="450262071" result="Passed" start-time="2021-12-28 20:00:34Z" end-time="2021-12-28 20:00:34Z" duration="0.000148" asserts="1" />
            <test-case id="1070" name="ChallengeTestRandom(&quot;v2R1H2G5f4I7N5]5v7U1w2J6h5\\2t3t2S5x5z2u6o1M3i2&quot;,&quot;vvRHHGGGGGffffIIIIIIINNNNN]]]]]vvvvvvvUwwJJJJJJhhhhh\\\\tttttSSSSSxxxxxzzuuuuuuoMMMii&quot;)" fullname="Open_Lab_06._01.Tests.ChallengeTestRandom(&quot;v2R1H2G5f4I7N5]5v7U1w2J6h5\\2t3t2S5x5z2u6o1M3i2&quot;,&quot;vvRHHGGGGGffffIIIIIIINNNNN]]]]]vvvvvvvUwwJJJJJJhhhhh\\\\tttttSSSSSxxxxxzzuuuuuuoMMMii&quot;)" methodname="ChallengeTestRandom" classname="Open_Lab_06._01.Tests" runstate="Runnable" seed="1793368997" result="Passed" start-time="2021-12-28 20:00:34Z" end-time="2021-12-28 20:00:34Z" duration="0.000101" asserts="1" />
            <test-case id="1071" name="ChallengeTestRandom(&quot;b7h1y5v8S2r8v5q1]5e8n2U5S4&quot;,&quot;bbbbbbbhyyyyyvvvvvvvvSSrrrrrrrrvvvvvq]]]]]eeeeeeeennUUUUUSSSS&quot;)" fullname="Open_Lab_06._01.Tests.ChallengeTestRandom(&quot;b7h1y5v8S2r8v5q1]5e8n2U5S4&quot;,&quot;bbbbbbbhyyyyyvvvvvvvvSSrrrrrrrrvvvvvq]]]]]eeeeeeeennUUUUUSSSS&quot;)" methodname="ChallengeTestRandom" classname="Open_Lab_06._01.Tests" runstate="Runnable" seed="2050086790" result="Passed" start-time="2021-12-28 20:00:34Z" end-time="2021-12-28 20:00:34Z" duration="0.000087" asserts="1" />
            <test-case id="1072" name="ChallengeTestRandom(&quot;Y3W7l8]6M9h2i9N4Q6E2B2&quot;,&quot;YYYWWWWWWWllllllll]]]]]]MMMMMMMMMhhiiiiiiiiiNNNNQQQQQQEEBB&quot;)" fullname="Open_Lab_06._01.Tests.ChallengeTestRandom(&quot;Y3W7l8]6M9h2i9N4Q6E2B2&quot;,&quot;YYYWWWWWWWllllllll]]]]]]MMMMMMMMMhhiiiiiiiiiNNNNQQQQQQEEBB&quot;)" methodname="ChallengeTestRandom" classname="Open_Lab_06._01.Tests" runstate="Runnable" seed="205299534" result="Passed" start-time="2021-12-28 20:00:34Z" end-time="2021-12-28 20:00:34Z" duration="0.000089" asserts="1" />
            <test-case id="1073" name="ChallengeTestRandom(&quot;j7D5w9j1I9`8`5z9x1J4T6t8p9t5f1G3Z3h9i4`7^8_3J1h8R7H1s6X4c9E2J4N6m9D3O6X6t3F3Q1m8s9m2G6U5^1o8d5h2D8Q6o8[1d7h8P5d4V7_2t9n6x3G9p5g8e7x3`6I9j8A1r3p8K2K1e5y7q5t1w8s9L7v9Y1L9x5Q7d8V5J2R3&quot;,&quot;jjjjjjjDDDDDwwwwwwwwwjIIIIIIIII`````````````zzzzzzzzzxJJJJTTTTTTttttttttppppppppptttttfGGGZZZhhhhhhhhhiiii```````^^^^^^^^___JhhhhhhhhRRRRRRRHssssssXXXXcccccccccEEJJJJNNNNNNmmmmmmmmmDDDOOOOOOXXXXXXtttFFFQmmmmmmmmsssssssssmmGGGGGGUUUUU^oooooooodddddhhDDDDDDDDQQQQQQoooooooo[dddddddhhhhhhhhPPPPPddddVVVVVVV__tttttttttnnnnnnxxxGGGGGGGGGpppppggggggggeeeeeeexxx``````IIIIIIIIIjjjjjjjjArrrppppppppKKKeeeeeyyyyyyyqqqqqtwwwwwwwwsssssssssLLLLLLLvvvvvvvvvYLLLLLLLLLxxxxxQQQQQQQddddddddVVVVVJJRRR&quot;)" fullname="Open_Lab_06._01.Tests.ChallengeTestRandom(&quot;j7D5w9j1I9`8`5z9x1J4T6t8p9t5f1G3Z3h9i4`7^8_3J1h8R7H1s6X4c9E2J4N6m9D3O6X6t3F3Q1m8s9m2G6U5^1o8d5h2D8Q6o8[1d7h8P5d4V7_2t9n6x3G9p5g8e7x3`6I9j8A1r3p8K2K1e5y7q5t1w8s9L7v9Y1L9x5Q7d8V5J2R3&quot;,&quot;jjjjjjjDDDDDwwwwwwwwwjIIIIIIIII`````````````zzzzzzzzzxJJJJTTTTTTttttttttppppppppptttttfGGGZZZhhhhhhhhhiiii```````^^^^^^^^___JhhhhhhhhRRRRRRRHssssssXXXXcccccccccEEJJJJNNNNNNmmmmmmmmmDDDOOOOOOXXXXXXtttFFFQmmmmmmmmsssssssssmmGGGGGGUUUUU^oooooooodddddhhDDDDDDDDQQQQQQoooooooo[dddddddhhhhhhhhPPPPPddddVVVVVVV__tttttttttnnnnnnxxxGGGGGGGGGpppppggggggggeeeeeeexxx``````IIIIIIIIIjjjjjjjjArrrppppppppKKKeeeeeyyyyyyyqqqqqtwwwwwwwwsssssssssLLLLLLLvvvvvvvvvYLLLLLLLLLxxxxxQQQQQQQddddddddVVVVVJJRRR&quot;)" methodname="ChallengeTestRandom" classname="Open_Lab_06._01.Tests" runstate="Runnable" seed="2015145383" result="Passed" start-time="2021-12-28 20:00:34Z" end-time="2021-12-28 20:00:34Z" duration="0.000266" asserts="1" />
            <test-case id="1074" name="ChallengeTestRandom(&quot;J7x1^3\\8S1k8O2t1n8N7j8v5I4S8k7y6F7B1x8v7k2f4`8U6]4V3D3y9K6H5]6R8t6F1C2v1o1G2t3r1]5L8R5e7F2i4e4d3G9x9_5W2U5[4p9k6h2J6d6V8Y2E9S6W5]5L2F9A4^3G7O9T7f4k6F1S1d3F8&quot;,&quot;JJJJJJJx^^^\\\\\\\\\\\\\\\\SkkkkkkkkOOtnnnnnnnnNNNNNNNjjjjjjjjvvvvvIIIISSSSSSSSkkkkkkkyyyyyyFFFFFFFBxxxxxxxxvvvvvvvkkffff````````UUUUUU]]]]VVVDDDyyyyyyyyyKKKKKKHHHHH]]]]]]RRRRRRRRttttttFCCvoGGtttr]]]]]LLLLLLLLRRRRReeeeeeeFFiiiieeeedddGGGGGGGGGxxxxxxxxx_____WWUUUUU[[[[pppppppppkkkkkkhhJJJJJJddddddVVVVVVVVYYEEEEEEEEESSSSSSWWWWW]]]]]LLFFFFFFFFFAAAA^^^GGGGGGGOOOOOOOOOTTTTTTTffffkkkkkkFSdddFFFFFFFF&quot;)" fullname="Open_Lab_06._01.Tests.ChallengeTestRandom(&quot;J7x1^3\\8S1k8O2t1n8N7j8v5I4S8k7y6F7B1x8v7k2f4`8U6]4V3D3y9K6H5]6R8t6F1C2v1o1G2t3r1]5L8R5e7F2i4e4d3G9x9_5W2U5[4p9k6h2J6d6V8Y2E9S6W5]5L2F9A4^3G7O9T7f4k6F1S1d3F8&quot;,&quot;JJJJJJJx^^^\\\\\\\\\\\\\\\\SkkkkkkkkOOtnnnnnnnnNNNNNNNjjjjjjjjvvvvvIIIISSSSSSSSkkkkkkkyyyyyyFFFFFFFBxxxxxxxxvvvvvvvkkffff````````UUUUUU]]]]VVVDDDyyyyyyyyyKKKKKKHHHHH]]]]]]RRRRRRRRttttttFCCvoGGtttr]]]]]LLLLLLLLRRRRReeeeeeeFFiiiieeeedddGGGGGGGGGxxxxxxxxx_____WWUUUUU[[[[pppppppppkkkkkkhhJJJJJJddddddVVVVVVVVYYEEEEEEEEESSSSSSWWWWW]]]]]LLFFFFFFFFFAAAA^^^GGGGGGGOOOOOOOOOTTTTTTTffffkkkkkkFSdddFFFFFFFF&quot;)" methodname="ChallengeTestRandom" classname="Open_Lab_06._01.Tests" runstate="Runnable" seed="753444981" result="Passed" start-time="2021-12-28 20:00:34Z" end-time="2021-12-28 20:00:34Z" duration="0.000252" asserts="1" />
[...]
            <test-case id="1083" name="ChallengeTestRandom(&quot;g8Q8q9]8b7c6O1^5n1z7Z8L4]7j1A6X5\\8]4E5i7z2o5E4]6V2c6B2W4&quot;,&quot;ggggggggQQQQQQQQqqqqqqqqq]]]]]]]]bbbbbbbccccccO^^^^^nzzzzzzzZZZZZZZZLLLL]]]]]]]jAAAAAAXXXXX\\\\\\\\\\\\\\\\]]]]EEEEEiiiiiiizzoooooEEEE]]]]]]VVccccccBBWWWW&quot;)" fullname="Open_Lab_06._01.Tests.ChallengeTestRandom(&quot;g8Q8q9]8b7c6O1^5n1z7Z8L4]7j1A6X5\\8]4E5i7z2o5E4]6V2c6B2W4&quot;,&quot;ggggggggQQQQQQQQqqqqqqqqq]]]]]]]]bbbbbbbccccccO^^^^^nzzzzzzzZZZZZZZZLLLL]]]]]]]jAAAAAAXXXXX\\\\\\\\\\\\\\\\]]]]EEEEEiiiiiiizzoooooEEEE]]]]]]VVccccccBBWWWW&quot;)" methodname="ChallengeTestRandom" classname="Open_Lab_06._01.Tests" runstate="Runnable" seed="38387055" result="Passed" start-time="2021-12-28 20:00:34Z" end-time="2021-12-28 20:00:34Z" duration="0.000121" asserts="1" />
            <test-case id="1084" name="ChallengeTestRandom(&quot;b6k5v1F7o3r6y1C9r1u8p6r6a6Z2L9C7P1]9y3E1i7Q2f1W2a6K2\\2&quot;,&quot;bbbbbbkkkkkvFFFFFFFooorrrrrryCCCCCCCCCruuuuuuuupppppprrrrrraaaaaaZZLLLLLLLLLCCCCCCCP]]]]]]]]]yyyEiiiiiiiQQfWWaaaaaaKK\\\\&quot;)" fullname="Open_Lab_06._01.Tests.ChallengeTestRandom(&quot;b6k5v1F7o3r6y1C9r1u8p6r6a6Z2L9C7P1]9y3E1i7Q2f1W2a6K2\\2&quot;,&quot;bbbbbbkkkkkvFFFFFFFooorrrrrryCCCCCCCCCruuuuuuuupppppprrrrrraaaaaaZZLLLLLLLLLCCCCCCCP]]]]]]]]]yyyEiiiiiiiQQfWWaaaaaaKK\\\\&quot;)" methodname="ChallengeTestRandom" classname="Open_Lab_06._01.Tests" runstate="Runnable" seed="300536545" result="Passed" start-time="2021-12-28 20:00:34Z" end-time="2021-12-28 20:00:34Z" duration="0.000101" asserts="1" />
            <test-case id="1085" name="ChallengeTestRandom(&quot;y8G6j5M3B1q5E7m4p1H8h9n3Y9n8C4]6h5_1r6U5]5O1o5R4n2U1T7J6q6F2_9z8B4D3u1M2Y3[7E6J3^1a6N9L7t1o8Y7w5F6_8T5R3s6T1K7a6y6X1S9M1F3H1&quot;,&quot;yyyyyyyyGGGGGGjjjjjMMMBqqqqqEEEEEEEmmmmpHHHHHHHHhhhhhhhhhnnnYYYYYYYYYnnnnnnnnCCCC]]]]]]hhhhh_rrrrrrUUUUU]]]]]OoooooRRRRnnUTTTTTTTJJJJJJqqqqqqFF_________zzzzzzzzBBBBDDDuMMYYY[[[[[[[EEEEEEJJJ^aaaaaaNNNNNNNNNLLLLLLLtooooooooYYYYYYYwwwwwFFFFFF________TTTTTRRRssssssTKKKKKKKaaaaaayyyyyyXSSSSSSSSSMFFFH&quot;)" fullname="Open_Lab_06._01.Tests.ChallengeTestRandom(&quot;y8G6j5M3B1q5E7m4p1H8h9n3Y9n8C4]6h5_1r6U5]5O1o5R4n2U1T7J6q6F2_9z8B4D3u1M2Y3[7E6J3^1a6N9L7t1o8Y7w5F6_8T5R3s6T1K7a6y6X1S9M1F3H1&quot;,&quot;yyyyyyyyGGGGGGjjjjjMMMBqqqqqEEEEEEEmmmmpHHHHHHHHhhhhhhhhhnnnYYYYYYYYYnnnnnnnnCCCC]]]]]]hhhhh_rrrrrrUUUUU]]]]]OoooooRRRRnnUTTTTTTTJJJJJJqqqqqqFF_________zzzzzzzzBBBBDDDuMMYYY[[[[[[[EEEEEEJJJ^aaaaaaNNNNNNNNNLLLLLLLtooooooooYYYYYYYwwwwwFFFFFF________TTTTTRRRssssssTKKKKKKKaaaaaayyyyyyXSSSSSSSSSMFFFH&quot;)" methodname="ChallengeTestRandom" classname="Open_Lab_06._01.Tests" runstate="Runnable" seed="2147167380" result="Passed" start-time="2021-12-28 20:00:34Z" end-time="2021-12-28 20:00:34Z" duration="0.001881" asserts="1" />
            <test-case id="1086" name="ChallengeTestRandom(&quot;^4y8r7P3&quot;,&quot;^^^^yyyyyyyyrrrrrrrPPP&quot;)" fullname="Open_Lab_06._01.Tests.ChallengeTestRandom(&quot;^4y8r7P3&quot;,&quot;^^^^yyyyyyyyrrrrrrrPPP&quot;)" methodname="ChallengeTestRandom" classname="Open_Lab_06._01.Tests" runstate="Runnable" seed="1789336131" result="Passed" start-time="2021-12-28 20:00:34Z" end-time="2021-12-28 20:00:34Z" duration="0.000123" asserts="1" />
            <test-case id="1087" name="ChallengeTestRandom(&quot;i6Q2E9V2r5T3k2D4R1c1X2I3R3K4x4G4t3V3g2y4w1J6i8m2v5a7h4O5D4d1z7b1L5R1z4U8E9Q6I8b3c2[6n3d7E4H9n6C3z9e6q6`4V1U6M2O4Z7F5a4j4Z5T9l1G7^8q4i5S9G3r4T2K5k6L4K3V7w6M2B6&quot;,&quot;iiiiiiQQEEEEEEEEEVVrrrrrTTTkkDDDDRcXXIIIRRRKKKKxxxxGGGGtttVVVggyyyywJJJJJJiiiiiiiimmvvvvvaaaaaaahhhhOOOOODDDDdzzzzzzzbLLLLLRzzzzUUUUUUUUEEEEEEEEEQQQQQQIIIIIIIIbbbcc[[[[[[nnndddddddEEEEHHHHHHHHHnnnnnnCCCzzzzzzzzzeeeeeeqqqqqq````VUUUUUUMMOOOOZZZZZZZFFFFFaaaajjjjZZZZZTTTTTTTTTlGGGGGGG^^^^^^^^qqqqiiiiiSSSSSSSSSGGGrrrrTTKKKKKkkkkkkLLLLKKKVVVVVVVwwwwwwMMBBBBBB&quot;)" fullname="Open_Lab_06._01.Tests.ChallengeTestRandom(&quot;i6Q2E9V2r5T3k2D4R1c1X2I3R3K4x4G4t3V3g2y4w1J6i8m2v5a7h4O5D4d1z7b1L5R1z4U8E9Q6I8b3c2[6n3d7E4H9n6C3z9e6q6`4V1U6M2O4Z7F5a4j4Z5T9l1G7^8q4i5S9G3r4T2K5k6L4K3V7w6M2B6&quot;,&quot;iiiiiiQQEEEEEEEEEVVrrrrrTTTkkDDDDRcXXIIIRRRKKKKxxxxGGGGtttVVVggyyyywJJJJJJiiiiiiiimmvvvvvaaaaaaahhhhOOOOODDDDdzzzzzzzbLLLLLRzzzzUUUUUUUUEEEEEEEEEQQQQQQIIIIIIIIbbbcc[[[[[[nnndddddddEEEEHHHHHHHHHnnnnnnCCCzzzzzzzzzeeeeeeqqqqqq````VUUUUUUMMOOOOZZZZZZZFFFFFaaaajjjjZZZZZTTTTTTTTTlGGGGGGG^^^^^^^^qqqqiiiiiSSSSSSSSSGGGrrrrTTKKKKKkkkkkkLLLLKKKVVVVVVVwwwwwwMMBBBBBB&quot;)" methodname="ChallengeTestRandom" classname="Open_Lab_06._01.Tests" runstate="Runnable" seed="840993173" result="Passed" start-time="2021-12-28 20:00:34Z" end-time="2021-12-28 20:00:34Z" duration="0.000182" asserts="1" />
            <test-case id="1088" name="ChallengeTestRandom(&quot;h3a5r6m6_1r2I3c5w2h7U3n5p6L9a5W7b2K1n6T9y1h4S2N5U2P9U2w3m2n9V8]3l8f6R1V1W1R6p1Q6l4K1Z6s2J3p1F8j4r7Y8q7r2c4p2x7V9g2I5C4W9&quot;,&quot;hhhaaaaarrrrrrmmmmmm_rrIIIcccccwwhhhhhhhUUUnnnnnppppppLLLLLLLLLaaaaaWWWWWWWbbKnnnnnnTTTTTTTTTyhhhhSSNNNNNUUPPPPPPPPPUUwwwmmnnnnnnnnnVVVVVVVV]]]llllllllffffffRVWRRRRRRpQQQQQQllllKZZZZZZssJJJpFFFFFFFFjjjjrrrrrrrYYYYYYYYqqqqqqqrrccccppxxxxxxxVVVVVVVVVggIIIIICCCCWWWWWWWWW&quot;)" fullname="Open_Lab_06._01.Tests.ChallengeTestRandom(&quot;h3a5r6m6_1r2I3c5w2h7U3n5p6L9a5W7b2K1n6T9y1h4S2N5U2P9U2w3m2n9V8]3l8f6R1V1W1R6p1Q6l4K1Z6s2J3p1F8j4r7Y8q7r2c4p2x7V9g2I5C4W9&quot;,&quot;hhhaaaaarrrrrrmmmmmm_rrIIIcccccwwhhhhhhhUUUnnnnnppppppLLLLLLLLLaaaaaWWWWWWWbbKnnnnnnTTTTTTTTTyhhhhSSNNNNNUUPPPPPPPPPUUwwwmmnnnnnnnnnVVVVVVVV]]]llllllllffffffRVWRRRRRRpQQQQQQllllKZZZZZZssJJJpFFFFFFFFjjjjrrrrrrrYYYYYYYYqqqqqqqrrccccppxxxxxxxVVVVVVVVVggIIIIICCCCWWWWWWWWW&quot;)" methodname="ChallengeTestRandom" classname="Open_Lab_06._01.Tests" runstate="Runnable" seed="1990150630" result="Passed" start-time="2021-12-28 20:00:34Z" end-time="2021-12-28 20:00:34Z" duration="0.000176" asserts="1" />
            <test-case id="1089" name="ChallengeTestRandom(&quot;S7R9`2w9a8x2c2b5r2M9G4N4h6f2V3x7q5_9a3D2s3X8X7D9a9L2J9f2g9^6R4]6M8V5z7e3v7]9y3N5H7k7^2R1Q6e6f9w7W3a5b9x4_3A3&quot;,&quot;SSSSSSSRRRRRRRRR``wwwwwwwwwaaaaaaaaxxccbbbbbrrMMMMMMMMMGGGGNNNNhhhhhhffVVVxxxxxxxqqqqq_________aaaDDsssXXXXXXXXXXXXXXXDDDDDDDDDaaaaaaaaaLLJJJJJJJJJffggggggggg^^^^^^RRRR]]]]]]MMMMMMMMVVVVVzzzzzzzeeevvvvvvv]]]]]]]]]yyyNNNNNHHHHHHHkkkkkkk^^RQQQQQQeeeeeefffffffffwwwwwwwWWWaaaaabbbbbbbbbxxxx___AAA&quot;)" fullname="Open_Lab_06._01.Tests.ChallengeTestRandom(&quot;S7R9`2w9a8x2c2b5r2M9G4N4h6f2V3x7q5_9a3D2s3X8X7D9a9L2J9f2g9^6R4]6M8V5z7e3v7]9y3N5H7k7^2R1Q6e6f9w7W3a5b9x4_3A3&quot;,&quot;SSSSSSSRRRRRRRRR``wwwwwwwwwaaaaaaaaxxccbbbbbrrMMMMMMMMMGGGGNNNNhhhhhhffVVVxxxxxxxqqqqq_________aaaDDsssXXXXXXXXXXXXXXXDDDDDDDDDaaaaaaaaaLLJJJJJJJJJffggggggggg^^^^^^RRRR]]]]]]MMMMMMMMVVVVVzzzzzzzeeevvvvvvv]]]]]]]]]yyyNNNNNHHHHHHHkkkkkkk^^RQQQQQQeeeeeefffffffffwwwwwwwWWWaaaaabbbbbbbbbxxxx___AAA&quot;)" methodname="ChallengeTestRandom" classname="Open_Lab_06._01.Tests" runstate="Runnable" seed="1244657335" result="Passed" start-time="2021-12-28 20:00:34Z" end-time="2021-12-28 20:00:34Z" duration="0.000165" asserts="1" />
            <test-case id="1090" name="ChallengeTestRandom(&quot;Y7K9m4c3P9K4l2Y4j6M1O1Z8R9l2\\7B7G1r8Z6s5U2&quot;,&quot;YYYYYYYKKKKKKKKKmmmmcccPPPPPPPPPKKKKllYYYYjjjjjjMOZZZZZZZZRRRRRRRRRll\\\\\\\\\\\\\\BBBBBBBGrrrrrrrrZZZZZZsssssUU&quot;)" fullname="Open_Lab_06._01.Tests.ChallengeTestRandom(&quot;Y7K9m4c3P9K4l2Y4j6M1O1Z8R9l2\\7B7G1r8Z6s5U2&quot;,&quot;YYYYYYYKKKKKKKKKmmmmcccPPPPPPPPPKKKKllYYYYjjjjjjMOZZZZZZZZRRRRRRRRRll\\\\\\\\\\\\\\BBBBBBBGrrrrrrrrZZZZZZsssssUU&quot;)" methodname="ChallengeTestRandom" classname="Open_Lab_06._01.Tests" runstate="Runnable" seed="2075151542" result="Passed" start-time="2021-12-28 20:00:34Z" end-time="2021-12-28 20:00:34Z" duration="0.000109" asserts="1" />
            <test-case id="1091" name="ChallengeTestRandom(&quot;L2k4y8d5Z8J8c5P5d2q5b4K3r1o5O3m2v7N7b5m3r2b8w3P4K1P4_9_9K8y6k4a4B3a5R8`3&quot;,&quot;LLkkkkyyyyyyyydddddZZZZZZZZJJJJJJJJcccccPPPPPddqqqqqbbbbKKKroooooOOOmmvvvvvvvNNNNNNNbbbbbmmmrrbbbbbbbbwwwPPPPKPPPP__________________KKKKKKKKyyyyyykkkkaaaaBBBaaaaaRRRRRRRR```&quot;)" fullname="Open_Lab_06._01.Tests.ChallengeTestRandom(&quot;L2k4y8d5Z8J8c5P5d2q5b4K3r1o5O3m2v7N7b5m3r2b8w3P4K1P4_9_9K8y6k4a4B3a5R8`3&quot;,&quot;LLkkkkyyyyyyyydddddZZZZZZZZJJJJJJJJcccccPPPPPddqqqqqbbbbKKKroooooOOOmmvvvvvvvNNNNNNNbbbbbmmmrrbbbbbbbbwwwPPPPKPPPP__________________KKKKKKKKyyyyyykkkkaaaaBBBaaaaaRRRRRRRR```&quot;)" methodname="ChallengeTestRandom" classname="Open_Lab_06._01.Tests" runstate="Runnable" seed="899458089" result="Passed" start-time="2021-12-28 20:00:34Z" end-time="2021-12-28 20:00:34Z" duration="0.000123" asserts="1" />
            <test-case id="1092" name="ChallengeTestRandom(&quot;d7j6x7[2k3u1o9A2V2u4T4\\5R3Z2W8\\7y8u3p3N2^5z2g4N4`4w7e4X9F2Z4i7t6b4&quot;,&quot;dddddddjjjjjjxxxxxxx[[kkkuoooooooooAAVVuuuuTTTT\\\\\\\\\\RRRZZWWWWWWWW\\\\\\\\\\\\\\yyyyyyyyuuupppNN^^^^^zzggggNNNN````wwwwwwweeeeXXXXXXXXXFFZZZZiiiiiiittttttbbbb&quot;)" fullname="Open_Lab_06._01.Tests.ChallengeTestRandom(&quot;d7j6x7[2k3u1o9A2V2u4T4\\5R3Z2W8\\7y8u3p3N2^5z2g4N4`4w7e4X9F2Z4i7t6b4&quot;,&quot;dddddddjjjjjjxxxxxxx[[kkkuoooooooooAAVVuuuuTTTT\\\\\\\\\\RRRZZWWWWWWWW\\\\\\\\\\\\\\yyyyyyyyuuupppNN^^^^^zzggggNNNN````wwwwwwweeeeXXXXXXXXXFFZZZZiiiiiiittttttbbbb&quot;)" methodname="ChallengeTestRandom" classname="Open_Lab_06._01.Tests" runstate="Runnable" seed="1016428275" result="Passed" start-time="2021-12-28 20:00:34Z" end-time="2021-12-28 20:00:34Z" duration="0.002323" asserts="1" />
            <test-case id="1093" name="ChallengeTestRandom(&quot;a9h3O4W2K8H5x6E9i3G7&quot;,&quot;aaaaaaaaahhhOOOOWWKKKKKKKKHHHHHxxxxxxEEEEEEEEEiiiGGGGGGG&quot;)" fullname="Open_Lab_06._01.Tests.ChallengeTestRandom(&quot;a9h3O4W2K8H5x6E9i3G7&quot;,&quot;aaaaaaaaahhhOOOOWWKKKKKKKKHHHHHxxxxxxEEEEEEEEEiiiGGGGGGG&quot;)" methodname="ChallengeTestRandom" classname="Open_Lab_06._01.Tests" runstate="Runnable" seed="1047568583" result="Passed" start-time="2021-12-28 20:00:34Z" end-time="2021-12-28 20:00:34Z" duration="0.000416" asserts="1" />
            <test-case id="1094" name="ChallengeTestRandom(&quot;q1N8h4p5P9m1Y6H6T8M7F3e2k9n5S6H2v5k4&quot;,&quot;qNNNNNNNNhhhhpppppPPPPPPPPPmYYYYYYHHHHHHTTTTTTTTMMMMMMMFFFeekkkkkkkkknnnnnSSSSSSHHvvvvvkkkk&quot;)" fullname="Open_Lab_06._01.Tests.ChallengeTestRandom(&quot;q1N8h4p5P9m1Y6H6T8M7F3e2k9n5S6H2v5k4&quot;,&quot;qNNNNNNNNhhhhpppppPPPPPPPPPmYYYYYYHHHHHHTTTTTTTTMMMMMMMFFFeekkkkkkkkknnnnnSSSSSSHHvvvvvkkkk&quot;)" methodname="ChallengeTestRandom" classname="Open_Lab_06._01.Tests" runstate="Runnable" seed="362731307" result="Passed" start-time="2021-12-28 20:00:34Z" end-time="2021-12-28 20:00:34Z" duration="0.000219" asserts="1" />
            <test-case id="1095" name="ChallengeTestRandom(&quot;v5g6w6[9E4R5Z9H4v9d9P2L7K7D6R9^6h9Y4a2J6K3f6\\9t7z8A5G9K3V2X9r4E5B5Q4w1U1m3z3C7M3i5u1&quot;,&quot;vvvvvggggggwwwwww[[[[[[[[[EEEERRRRRZZZZZZZZZHHHHvvvvvvvvvdddddddddPPLLLLLLLKKKKKKKDDDDDDRRRRRRRRR^^^^^^hhhhhhhhhYYYYaaJJJJJJKKKffffff\\\\\\\\\\\\\\\\\\tttttttzzzzzzzzAAAAAGGGGGGGGGKKKVVXXXXXXXXXrrrrEEEEEBBBBBQQQQwUmmmzzzCCCCCCCMMMiiiiiu&quot;)" fullname="Open_Lab_06._01.Tests.ChallengeTestRandom(&quot;v5g6w6[9E4R5Z9H4v9d9P2L7K7D6R9^6h9Y4a2J6K3f6\\9t7z8A5G9K3V2X9r4E5B5Q4w1U1m3z3C7M3i5u1&quot;,&quot;vvvvvggggggwwwwww[[[[[[[[[EEEERRRRRZZZZZZZZZHHHHvvvvvvvvvdddddddddPPLLLLLLLKKKKKKKDDDDDDRRRRRRRRR^^^^^^hhhhhhhhhYYYYaaJJJJJJKKKffffff\\\\\\\\\\\\\\\\\\tttttttzzzzzzzzAAAAAGGGGGGGGGKKKVVXXXXXXXXXrrrrEEEEEBBBBBQQQQwUmmmzzzCCCCCCCMMMiiiiiu&quot;)" methodname="ChallengeTestRandom" classname="Open_Lab_06._01.Tests" runstate="Runnable" seed="1623824345" result="Passed" start-time="2021-12-28 20:00:34Z" end-time="2021-12-28 20:00:34Z" duration="0.000118" asserts="1" />
            <test-case id="1096" name="ChallengeTestRandom(&quot;`6W8L2c7o3e5L5F9r4z9k2o2]3H2s7f7T6\\8t6k8l3x1U8r2G3q2v3u5A4j1e1W8p2K9Z4^5K1[7N7w9S3e8p7j4u8`2F8d7e9C8A4t5e6H8E2H2I1i4M8S6Q5\\4z3w7H5F5t4S6v8H1M1j5z7f5A3&quot;,&quot;``````WWWWWWWWLLcccccccoooeeeeeLLLLLFFFFFFFFFrrrrzzzzzzzzzkkoo]]]HHsssssssfffffffTTTTTT\\\\\\\\\\\\\\\\ttttttkkkkkkkklllxUUUUUUUUrrGGGqqvvvuuuuuAAAAjeWWWWWWWWppKKKKKKKKKZZZZ^^^^^K[[[[[[[NNNNNNNwwwwwwwwwSSSeeeeeeeepppppppjjjjuuuuuuuu``FFFFFFFFdddddddeeeeeeeeeCCCCCCCCAAAAttttteeeeeeHHHHHHHHEEHHIiiiiMMMMMMMMSSSSSSQQQQQ\\\\\\\\zzzwwwwwwwHHHHHFFFFFttttSSSSSSvvvvvvvvHMjjjjjzzzzzzzfffffAAA&quot;)" fullname="Open_Lab_06._01.Tests.ChallengeTestRandom(&quot;`6W8L2c7o3e5L5F9r4z9k2o2]3H2s7f7T6\\8t6k8l3x1U8r2G3q2v3u5A4j1e1W8p2K9Z4^5K1[7N7w9S3e8p7j4u8`2F8d7e9C8A4t5e6H8E2H2I1i4M8S6Q5\\4z3w7H5F5t4S6v8H1M1j5z7f5A3&quot;,&quot;``````WWWWWWWWLLcccccccoooeeeeeLLLLLFFFFFFFFFrrrrzzzzzzzzzkkoo]]]HHsssssssfffffffTTTTTT\\\\\\\\\\\\\\\\ttttttkkkkkkkklllxUUUUUUUUrrGGGqqvvvuuuuuAAAAjeWWWWWWWWppKKKKKKKKKZZZZ^^^^^K[[[[[[[NNNNNNNwwwwwwwwwSSSeeeeeeeepppppppjjjjuuuuuuuu``FFFFFFFFdddddddeeeeeeeeeCCCCCCCCAAAAttttteeeeeeHHHHHHHHEEHHIiiiiMMMMMMMMSSSSSSQQQQQ\\\\\\\\zzzwwwwwwwHHHHHFFFFFttttSSSSSSvvvvvvvvHMjjjjjzzzzzzzfffffAAA&quot;)" methodname="ChallengeTestRandom" classname="Open_Lab_06._01.Tests" runstate="Runnable" seed="711488648" result="Passed" start-time="2021-12-28 20:00:34Z" end-time="2021-12-28 20:00:34Z" duration="0.000184" asserts="1" />
            <test-case id="1097" name="ChallengeTestRandom(&quot;z7b5e1a9u6f8`1j1a2p1J9R5l3k6^3O1T5G8S9h5V9M5a2J5Q6E3K6`8M5S3N9D2d8i2y7r8W1`9Q7h2]3C1A2Q6R5h6L9g7X2`4n4i5[5M1T3L8e1\\1K2q8u9X3H4s8Q7Q4b9\\3V1m6Y9G1Y4V6O2y5`5\\6C5T4I6y2&quot;,&quot;zzzzzzzbbbbbeaaaaaaaaauuuuuuffffffff`jaapJJJJJJJJJRRRRRlllkkkkkk^^^OTTTTTGGGGGGGGSSSSSSSSShhhhhVVVVVVVVVMMMMMaaJJJJJQQQQQQEEEKKKKKK````````MMMMMSSSNNNNNNNNNDDddddddddiiyyyyyyyrrrrrrrrW`````````QQQQQQQhh]]]CAAQQQQQQRRRRRhhhhhhLLLLLLLLLgggggggXX````nnnniiiii[[[[[MTTTLLLLLLLLe\\KKqqqqqqqquuuuuuuuuXXXHHHHssssssssQQQQQQQQQQQbbbbbbbbb\\\\\\VmmmmmmYYYYYYYYYGYYYYVVVVVVOOyyyyy`````\\\\\\\\\\\\CCCCCTTTTIIIIIIyy&quot;)" fullname="Open_Lab_06._01.Tests.ChallengeTestRandom(&quot;z7b5e1a9u6f8`1j1a2p1J9R5l3k6^3O1T5G8S9h5V9M5a2J5Q6E3K6`8M5S3N9D2d8i2y7r8W1`9Q7h2]3C1A2Q6R5h6L9g7X2`4n4i5[5M1T3L8e1\\1K2q8u9X3H4s8Q7Q4b9\\3V1m6Y9G1Y4V6O2y5`5\\6C5T4I6y2&quot;,&quot;zzzzzzzbbbbbeaaaaaaaaauuuuuuffffffff`jaapJJJJJJJJJRRRRRlllkkkkkk^^^OTTTTTGGGGGGGGSSSSSSSSShhhhhVVVVVVVVVMMMMMaaJJJJJQQQQQQEEEKKKKKK````````MMMMMSSSNNNNNNNNNDDddddddddiiyyyyyyyrrrrrrrrW`````````QQQQQQQhh]]]CAAQQQQQQRRRRRhhhhhhLLLLLLLLLgggggggXX````nnnniiiii[[[[[MTTTLLLLLLLLe\\KKqqqqqqqquuuuuuuuuXXXHHHHssssssssQQQQQQQQQQQbbbbbbbbb\\\\\\VmmmmmmYYYYYYYYYGYYYYVVVVVVOOyyyyy`````\\\\\\\\\\\\CCCCCTTTTIIIIIIyy&quot;)" methodname="ChallengeTestRandom" classname="Open_Lab_06._01.Tests" runstate="Runnable" seed="278580420" result="Passed" start-time="2021-12-28 20:00:34Z" end-time="2021-12-28 20:00:34Z" duration="0.000184" asserts="1" />
            <test-case id="1098" name="ChallengeTestRandom(&quot;Q6S5Z6c8q1s5y2_9k5n4l4z4w8C9J3t8J1H8C1p6V7i5d1E4p4Y1K2p5^9f5l5w4f1x8o1[4d2C1g3N9v5Y6X1s7C6c2u5x4^1X7\\8c9f4^3]1P5P5_2x2c8w8D3p6P9H3n1a9B4C9X1P2H7w5P1q7D8F6q5u2a9y7z3k5z3H8E6\\9c4K2g5f8X5z3r2c1C8\\1K7m1o7C1&quot;,&quot;QQQQQQSSSSSZZZZZZccccccccqsssssyy_________kkkkknnnnllllzzzzwwwwwwwwCCCCCCCCCJJJttttttttJHHHHHHHHCppppppVVVVVVViiiiidEEEEppppYKKppppp^^^^^^^^^ffffflllllwwwwfxxxxxxxxo[[[[ddCgggNNNNNNNNNvvvvvYYYYYYXsssssssCCCCCCccuuuuuxxxx^XXXXXXX\\\\\\\\\\\\\\\\cccccccccffff^^^]PPPPPPPPPP__xxccccccccwwwwwwwwDDDppppppPPPPPPPPPHHHnaaaaaaaaaBBBBCCCCCCCCCXPPHHHHHHHwwwwwPqqqqqqqDDDDDDDDFFFFFFqqqqquuaaaaaaaaayyyyyyyzzzkkkkkzzzHHHHHHHHEEEEEE\\\\\\\\\\\\\\\\\\ccccKKgggggffffffffXXXXXzzzrrcCCCCCCCC\\KKKKKKKmoooooooC&quot;)" fullname="Open_Lab_06._01.Tests.ChallengeTestRandom(&quot;Q6S5Z6c8q1s5y2_9k5n4l4z4w8C9J3t8J1H8C1p6V7i5d1E4p4Y1K2p5^9f5l5w4f1x8o1[4d2C1g3N9v5Y6X1s7C6c2u5x4^1X7\\8c9f4^3]1P5P5_2x2c8w8D3p6P9H3n1a9B4C9X1P2H7w5P1q7D8F6q5u2a9y7z3k5z3H8E6\\9c4K2g5f8X5z3r2c1C8\\1K7m1o7C1&quot;,&quot;QQQQQQSSSSSZZZZZZccccccccqsssssyy_________kkkkknnnnllllzzzzwwwwwwwwCCCCCCCCCJJJttttttttJHHHHHHHHCppppppVVVVVVViiiiidEEEEppppYKKppppp^^^^^^^^^ffffflllllwwwwfxxxxxxxxo[[[[ddCgggNNNNNNNNNvvvvvYYYYYYXsssssssCCCCCCccuuuuuxxxx^XXXXXXX\\\\\\\\\\\\\\\\cccccccccffff^^^]PPPPPPPPPP__xxccccccccwwwwwwwwDDDppppppPPPPPPPPPHHHnaaaaaaaaaBBBBCCCCCCCCCXPPHHHHHHHwwwwwPqqqqqqqDDDDDDDDFFFFFFqqqqquuaaaaaaaaayyyyyyyzzzkkkkkzzzHHHHHHHHEEEEEE\\\\\\\\\\\\\\\\\\ccccKKgggggffffffffXXXXXzzzrrcCCCCCCCC\\KKKKKKKmoooooooC&quot;)" methodname="ChallengeTestRandom" classname="Open_Lab_06._01.Tests" runstate="Runnable" seed="949248149" result="Passed" start-time="2021-12-28 20:00:34Z" end-time="2021-12-28 20:00:34Z" duration="0.000266" asserts="1" />
            <test-case id="1099" name="ChallengeTestRandom(&quot;O6H7h2g9W9n3\\1i8b5x4O3B5o5c3^4C7M7J8r5K9w2f9h7j6E2M2E2W2j7V7T4[3Q7s1h6e2O6S8u4m3_3T4^3f8[1p2&quot;,&quot;OOOOOOHHHHHHHhhgggggggggWWWWWWWWWnnn\\iiiiiiiibbbbbxxxxOOOBBBBBoooooccc^^^^CCCCCCCMMMMMMMJJJJJJJJrrrrrKKKKKKKKKwwfffffffffhhhhhhhjjjjjjEEMMEEWWjjjjjjjVVVVVVVTTTT[[[QQQQQQQshhhhhheeOOOOOOSSSSSSSSuuuummm___TTTT^^^ffffffff[pp&quot;)" fullname="Open_Lab_06._01.Tests.ChallengeTestRandom(&quot;O6H7h2g9W9n3\\1i8b5x4O3B5o5c3^4C7M7J8r5K9w2f9h7j6E2M2E2W2j7V7T4[3Q7s1h6e2O6S8u4m3_3T4^3f8[1p2&quot;,&quot;OOOOOOHHHHHHHhhgggggggggWWWWWWWWWnnn\\iiiiiiiibbbbbxxxxOOOBBBBBoooooccc^^^^CCCCCCCMMMMMMMJJJJJJJJrrrrrKKKKKKKKKwwfffffffffhhhhhhhjjjjjjEEMMEEWWjjjjjjjVVVVVVVTTTT[[[QQQQQQQshhhhhheeOOOOOOSSSSSSSSuuuummm___TTTT^^^ffffffff[pp&quot;)" methodname="ChallengeTestRandom" classname="Open_Lab_06._01.Tests" runstate="Runnable" seed="246433691" result="Passed" start-time="2021-12-28 20:00:34Z" end-time="2021-12-28 20:00:34Z" duration="0.000121" asserts="1" />
            <test-case id="1100" name="ChallengeTestRandom(&quot;l6h8y4e5E7v5d6N9C8Y8H9v9J5&quot;,&quot;llllllhhhhhhhhyyyyeeeeeEEEEEEEvvvvvddddddNNNNNNNNNCCCCCCCCYYYYYYYYHHHHHHHHHvvvvvvvvvJJJJJ&quot;)" fullname="Open_Lab_06._01.Tests.ChallengeTestRandom(&quot;l6h8y4e5E7v5d6N9C8Y8H9v9J5&quot;,&quot;llllllhhhhhhhhyyyyeeeeeEEEEEEEvvvvvddddddNNNNNNNNNCCCCCCCCYYYYYYYYHHHHHHHHHvvvvvvvvvJJJJJ&quot;)" methodname="ChallengeTestRandom" classname="Open_Lab_06._01.Tests" runstate="Runnable" seed="1418335885" result="Passed" start-time="2021-12-28 20:00:34Z" end-time="2021-12-28 20:00:34Z" duration="0.000086" asserts="1" />
            <test-case id="1101" name="ChallengeTestRandom(&quot;X4J8T3y5D5u6r9_2v5i4v8I4e4O4r5n8o3M1v3&quot;,&quot;XXXXJJJJJJJJTTTyyyyyDDDDDuuuuuurrrrrrrrr__vvvvviiiivvvvvvvvIIIIeeeeOOOOrrrrrnnnnnnnnoooMvvv&quot;)" fullname="Open_Lab_06._01.Tests.ChallengeTestRandom(&quot;X4J8T3y5D5u6r9_2v5i4v8I4e4O4r5n8o3M1v3&quot;,&quot;XXXXJJJJJJJJTTTyyyyyDDDDDuuuuuurrrrrrrrr__vvvvviiiivvvvvvvvIIIIeeeeOOOOrrrrrnnnnnnnnoooMvvv&quot;)" methodname="ChallengeTestRandom" classname="Open_Lab_06._01.Tests" runstate="Runnable" seed="214576050" result="Passed" start-time="2021-12-28 20:00:34Z" end-time="2021-12-28 20:00:34Z" duration="0.000084" asserts="1" />
          </test-suite>
        </test-suite>
      </test-suite>
    </test-suite>
  </test-suite>
</test-run>